{"D:\\zhangxiaoyu\\vuxes\\packages\\index.js": {"path":"D:\\zhangxiaoyu\\vuxes\\packages\\index.js","statementMap":{"0":{"start":{"line":4,"column":16},"end":{"line":4,"column":23}},"1":{"start":{"line":5,"column":19},"end":{"line":7,"column":1}},"2":{"start":{"line":8,"column":16},"end":{"line":12,"column":1}},"3":{"start":{"line":9,"column":2},"end":{"line":11,"column":4}},"4":{"start":{"line":10,"column":4},"end":{"line":10,"column":22}},"5":{"start":{"line":14,"column":0},"end":{"line":16,"column":1}}},"fnMap":{"0":{"name":"(anonymous_0)","decl":{"start":{"line":8,"column":16},"end":{"line":8,"column":17}},"loc":{"start":{"line":8,"column":23},"end":{"line":12,"column":1}},"line":8},"1":{"name":"(anonymous_1)","decl":{"start":{"line":9,"column":21},"end":{"line":9,"column":22}},"loc":{"start":{"line":9,"column":34},"end":{"line":11,"column":3}},"line":9}},"branchMap":{"0":{"loc":{"start":{"line":14,"column":0},"end":{"line":16,"column":1}},"type":"if","locations":[{"start":{"line":14,"column":0},"end":{"line":16,"column":1}}],"line":14},"1":{"loc":{"start":{"line":14,"column":4},"end":{"line":14,"column":47}},"type":"binary-expr","locations":[{"start":{"line":14,"column":4},"end":{"line":14,"column":33}},{"start":{"line":14,"column":37},"end":{"line":14,"column":47}}],"line":14}},"s":{"0":1,"1":1,"2":1,"3":1,"4":1,"5":1},"f":{"0":1,"1":1},"b":{"0":[1],"1":[1,1]},"_coverageSchema":"43e27e138ebf9cfc5966b082cf9a028302ed4184","hash":"f0bfc166bfee4e2cdcec619d73bf8a1b64be1c32"}
,"D:\\zhangxiaoyu\\vuxes\\packages\\button\\button.vue": {"path":"D:\\zhangxiaoyu\\vuxes\\packages\\button\\button.vue","statementMap":{"0":{"start":{"line":10,"column":0},"end":{"line":10,"column":null}},"1":{"start":{"line":11,"column":0},"end":{"line":11,"column":null}},"2":{"start":{"line":18,"column":0},"end":{"line":18,"column":null}}},"fnMap":{"0":{"name":"(anonymous_1)","decl":{"start":{"line":17,"column":0},"end":{"line":17,"column":null}},"loc":{"start":{"line":17,"column":0},"end":{"line":19,"column":null}}}},"branchMap":{},"s":{"0":1,"1":1,"2":0},"f":{"0":0},"b":{}}
,"D:\\zhangxiaoyu\\vuxes\\packages\\button\\index.js": {"path":"D:\\zhangxiaoyu\\vuxes\\packages\\button\\index.js","statementMap":{},"fnMap":{},"branchMap":{},"s":{},"f":{},"b":{},"_coverageSchema":"43e27e138ebf9cfc5966b082cf9a028302ed4184","hash":"7bc1aaa09e2256eefbae5e92bdd8d8b40c55b608"}
,"D:\\zhangxiaoyu\\vuxes\\packages\\mixins\\bem.js": {"path":"D:\\zhangxiaoyu\\vuxes\\packages\\mixins\\bem.js","statementMap":{"0":{"start":{"line":10,"column":16},"end":{"line":10,"column":20}},"1":{"start":{"line":11,"column":13},"end":{"line":11,"column":17}},"2":{"start":{"line":13,"column":13},"end":{"line":13,"column":67}},"3":{"start":{"line":13,"column":36},"end":{"line":13,"column":66}},"4":{"start":{"line":15,"column":15},"end":{"line":29,"column":1}},"5":{"start":{"line":16,"column":2},"end":{"line":18,"column":3}},"6":{"start":{"line":17,"column":4},"end":{"line":17,"column":33}},"7":{"start":{"line":20,"column":2},"end":{"line":22,"column":3}},"8":{"start":{"line":21,"column":4},"end":{"line":21,"column":47}},"9":{"start":{"line":21,"column":28},"end":{"line":21,"column":46}},"10":{"start":{"line":24,"column":14},"end":{"line":24,"column":16}},"11":{"start":{"line":25,"column":2},"end":{"line":27,"column":4}},"12":{"start":{"line":26,"column":4},"end":{"line":26,"column":38}},"13":{"start":{"line":28,"column":2},"end":{"line":28,"column":12}},"14":{"start":{"line":34,"column":23},"end":{"line":34,"column":36}},"15":{"start":{"line":36,"column":6},"end":{"line":39,"column":7}},"16":{"start":{"line":37,"column":8},"end":{"line":37,"column":17}},"17":{"start":{"line":38,"column":8},"end":{"line":38,"column":15}},"18":{"start":{"line":40,"column":6},"end":{"line":40,"column":34}},"19":{"start":{"line":42,"column":6},"end":{"line":42,"column":47}}},"fnMap":{"0":{"name":"(anonymous_0)","decl":{"start":{"line":13,"column":13},"end":{"line":13,"column":14}},"loc":{"start":{"line":13,"column":36},"end":{"line":13,"column":66}},"line":13},"1":{"name":"(anonymous_1)","decl":{"start":{"line":15,"column":15},"end":{"line":15,"column":16}},"loc":{"start":{"line":15,"column":31},"end":{"line":29,"column":1}},"line":15},"2":{"name":"(anonymous_2)","decl":{"start":{"line":21,"column":20},"end":{"line":21,"column":21}},"loc":{"start":{"line":21,"column":28},"end":{"line":21,"column":46}},"line":21},"3":{"name":"(anonymous_3)","decl":{"start":{"line":25,"column":36},"end":{"line":25,"column":37}},"loc":{"start":{"line":25,"column":43},"end":{"line":27,"column":3}},"line":25},"4":{"name":"(anonymous_4)","decl":{"start":{"line":33,"column":4},"end":{"line":33,"column":5}},"loc":{"start":{"line":33,"column":17},"end":{"line":43,"column":5}},"line":33}},"branchMap":{"0":{"loc":{"start":{"line":13,"column":36},"end":{"line":13,"column":66}},"type":"cond-expr","locations":[{"start":{"line":13,"column":41},"end":{"line":13,"column":59}},{"start":{"line":13,"column":62},"end":{"line":13,"column":66}}],"line":13},"1":{"loc":{"start":{"line":16,"column":2},"end":{"line":18,"column":3}},"type":"if","locations":[{"start":{"line":16,"column":2},"end":{"line":18,"column":3}},{"start":{"line":16,"column":2},"end":{"line":18,"column":3}}],"line":16},"2":{"loc":{"start":{"line":20,"column":2},"end":{"line":22,"column":3}},"type":"if","locations":[{"start":{"line":20,"column":2},"end":{"line":22,"column":3}},{"start":{"line":20,"column":2},"end":{"line":22,"column":3}}],"line":20},"3":{"loc":{"start":{"line":25,"column":2},"end":{"line":27,"column":4}},"type":"binary-expr","locations":[{"start":{"line":25,"column":2},"end":{"line":25,"column":6}},{"start":{"line":25,"column":10},"end":{"line":27,"column":4}}],"line":25},"4":{"loc":{"start":{"line":36,"column":6},"end":{"line":39,"column":7}},"type":"if","locations":[{"start":{"line":36,"column":6},"end":{"line":39,"column":7}},{"start":{"line":36,"column":6},"end":{"line":39,"column":7}}],"line":36},"5":{"loc":{"start":{"line":36,"column":10},"end":{"line":36,"column":38}},"type":"binary-expr","locations":[{"start":{"line":36,"column":10},"end":{"line":36,"column":12}},{"start":{"line":36,"column":16},"end":{"line":36,"column":38}}],"line":36},"6":{"loc":{"start":{"line":42,"column":13},"end":{"line":42,"column":47}},"type":"cond-expr","locations":[{"start":{"line":42,"column":20},"end":{"line":42,"column":42}},{"start":{"line":42,"column":45},"end":{"line":42,"column":47}}],"line":42}},"s":{"0":1,"1":1,"2":1,"3":0,"4":1,"5":0,"6":0,"7":0,"8":0,"9":0,"10":0,"11":0,"12":0,"13":0,"14":0,"15":0,"16":0,"17":0,"18":0,"19":0},"f":{"0":0,"1":0,"2":0,"3":0,"4":0},"b":{"0":[0,0],"1":[0,0],"2":[0,0],"3":[0,0],"4":[0,0],"5":[0,0],"6":[0,0]},"_coverageSchema":"43e27e138ebf9cfc5966b082cf9a028302ed4184","hash":"3ceb260d6147c2c0ea1bd756248caaa9c1a0f6dc"}
,"D:\\zhangxiaoyu\\vuxes\\packages\\theme-default\\gulpfile.js": {"path":"D:\\zhangxiaoyu\\vuxes\\packages\\theme-default\\gulpfile.js","statementMap":{"0":{"start":{"line":2,"column":47},"end":{"line":2,"column":62}},"1":{"start":{"line":3,"column":16},"end":{"line":3,"column":39}},"2":{"start":{"line":4,"column":13},"end":{"line":4,"column":33}},"3":{"start":{"line":5,"column":15},"end":{"line":5,"column":37}},"4":{"start":{"line":6,"column":18},"end":{"line":6,"column":45}},"5":{"start":{"line":7,"column":18},"end":{"line":7,"column":47}},"6":{"start":{"line":9,"column":14},"end":{"line":9,"column":40}},"7":{"start":{"line":11,"column":18},"end":{"line":21,"column":1}},"8":{"start":{"line":24,"column":2},"end":{"line":38,"column":24}},"9":{"start":{"line":42,"column":2},"end":{"line":42,"column":56}},"10":{"start":{"line":46,"column":2},"end":{"line":46,"column":59}},"11":{"start":{"line":50,"column":2},"end":{"line":50,"column":42}},"12":{"start":{"line":53,"column":0},"end":{"line":53,"column":50}},"13":{"start":{"line":54,"column":0},"end":{"line":58,"column":1}}},"fnMap":{"0":{"name":"compileCssToPx","decl":{"start":{"line":23,"column":9},"end":{"line":23,"column":23}},"loc":{"start":{"line":23,"column":31},"end":{"line":39,"column":1}},"line":23},"1":{"name":"copyFont","decl":{"start":{"line":41,"column":9},"end":{"line":41,"column":17}},"loc":{"start":{"line":41,"column":25},"end":{"line":43,"column":1}},"line":41},"2":{"name":"watchCss","decl":{"start":{"line":45,"column":9},"end":{"line":45,"column":17}},"loc":{"start":{"line":45,"column":25},"end":{"line":47,"column":1}},"line":45},"3":{"name":"watchFonts","decl":{"start":{"line":49,"column":9},"end":{"line":49,"column":19}},"loc":{"start":{"line":49,"column":27},"end":{"line":51,"column":1}},"line":49}},"branchMap":{},"s":{"0":0,"1":0,"2":0,"3":0,"4":0,"5":0,"6":0,"7":0,"8":0,"9":0,"10":0,"11":0,"12":0,"13":0},"f":{"0":0,"1":0,"2":0,"3":0},"b":{},"hash":"e5a598e61334294f8e532bdd68631a30672dcc48"}
,"D:\\zhangxiaoyu\\vuxes\\packages\\utils\\create-basic.js": {"path":"D:\\zhangxiaoyu\\vuxes\\packages\\utils\\create-basic.js","statementMap":{"0":{"start":{"line":9,"column":19},"end":{"line":9,"column":23}},"1":{"start":{"line":10,"column":2},"end":{"line":10,"column":27}},"2":{"start":{"line":11,"column":2},"end":{"line":11,"column":43}},"3":{"start":{"line":15,"column":2},"end":{"line":15,"column":11}},"4":{"start":{"line":20,"column":2},"end":{"line":32,"column":4}},"5":{"start":{"line":21,"column":4},"end":{"line":31,"column":5}},"6":{"start":{"line":22,"column":6},"end":{"line":25,"column":7}},"7":{"start":{"line":26,"column":11},"end":{"line":31,"column":5}},"8":{"start":{"line":27,"column":6},"end":{"line":30,"column":7}},"9":{"start":{"line":36,"column":2},"end":{"line":36,"column":28}},"10":{"start":{"line":37,"column":2},"end":{"line":37,"column":38}},"11":{"start":{"line":38,"column":2},"end":{"line":38,"column":31}},"12":{"start":{"line":39,"column":2},"end":{"line":39,"column":22}},"13":{"start":{"line":40,"column":2},"end":{"line":40,"column":33}},"14":{"start":{"line":41,"column":2},"end":{"line":41,"column":27}},"15":{"start":{"line":42,"column":2},"end":{"line":42,"column":38}},"16":{"start":{"line":43,"column":2},"end":{"line":43,"column":12}}},"fnMap":{"0":{"name":"install","decl":{"start":{"line":8,"column":9},"end":{"line":8,"column":16}},"loc":{"start":{"line":8,"column":23},"end":{"line":12,"column":1}},"line":8},"1":{"name":"returnArray","decl":{"start":{"line":14,"column":9},"end":{"line":14,"column":20}},"loc":{"start":{"line":14,"column":24},"end":{"line":16,"column":1}},"line":14},"2":{"name":"defaultProps","decl":{"start":{"line":19,"column":9},"end":{"line":19,"column":21}},"loc":{"start":{"line":19,"column":30},"end":{"line":33,"column":1}},"line":19},"3":{"name":"(anonymous_3)","decl":{"start":{"line":20,"column":29},"end":{"line":20,"column":30}},"loc":{"start":{"line":20,"column":36},"end":{"line":32,"column":3}},"line":20},"4":{"name":"(anonymous_4)","decl":{"start":{"line":35,"column":15},"end":{"line":35,"column":16}},"loc":{"start":{"line":35,"column":30},"end":{"line":44,"column":1}},"line":35}},"branchMap":{"0":{"loc":{"start":{"line":21,"column":4},"end":{"line":31,"column":5}},"type":"if","locations":[{"start":{"line":21,"column":4},"end":{"line":31,"column":5}},{"start":{"line":21,"column":4},"end":{"line":31,"column":5}}],"line":21},"1":{"loc":{"start":{"line":26,"column":11},"end":{"line":31,"column":5}},"type":"if","locations":[{"start":{"line":26,"column":11},"end":{"line":31,"column":5}},{"start":{"line":26,"column":11},"end":{"line":31,"column":5}}],"line":26},"2":{"loc":{"start":{"line":37,"column":16},"end":{"line":37,"column":38}},"type":"binary-expr","locations":[{"start":{"line":37,"column":16},"end":{"line":37,"column":27}},{"start":{"line":37,"column":31},"end":{"line":37,"column":38}}],"line":37},"3":{"loc":{"start":{"line":38,"column":15},"end":{"line":38,"column":31}},"type":"binary-expr","locations":[{"start":{"line":38,"column":15},"end":{"line":38,"column":25}},{"start":{"line":38,"column":29},"end":{"line":38,"column":31}}],"line":38},"4":{"loc":{"start":{"line":40,"column":16},"end":{"line":40,"column":33}},"type":"binary-expr","locations":[{"start":{"line":40,"column":16},"end":{"line":40,"column":27}},{"start":{"line":40,"column":31},"end":{"line":40,"column":33}}],"line":40},"5":{"loc":{"start":{"line":42,"column":2},"end":{"line":42,"column":38}},"type":"binary-expr","locations":[{"start":{"line":42,"column":2},"end":{"line":42,"column":11}},{"start":{"line":42,"column":15},"end":{"line":42,"column":38}}],"line":42}},"s":{"0":1,"1":1,"2":1,"3":0,"4":1,"5":1,"6":0,"7":1,"8":0,"9":1,"10":1,"11":1,"12":1,"13":1,"14":1,"15":1,"16":1},"f":{"0":1,"1":0,"2":1,"3":1,"4":1},"b":{"0":[0,1],"1":[0,1],"2":[1,1],"3":[1,1],"4":[1,1],"5":[1,1]},"_coverageSchema":"43e27e138ebf9cfc5966b082cf9a028302ed4184","hash":"ba83095e599a31376211bdc10c28476009090d7b"}
,"D:\\zhangxiaoyu\\vuxes\\packages\\utils\\helper.js": {"path":"D:\\zhangxiaoyu\\vuxes\\packages\\utils\\helper.js","statementMap":{"0":{"start":{"line":9,"column":2},"end":{"line":13,"column":3}},"1":{"start":{"line":9,"column":15},"end":{"line":9,"column":16}},"2":{"start":{"line":10,"column":4},"end":{"line":12,"column":5}},"3":{"start":{"line":11,"column":6},"end":{"line":11,"column":17}},"4":{"start":{"line":14,"column":2},"end":{"line":14,"column":14}},"5":{"start":{"line":24,"column":21},"end":{"line":24,"column":29}},"6":{"start":{"line":25,"column":2},"end":{"line":25,"column":59}},"7":{"start":{"line":25,"column":43},"end":{"line":25,"column":58}},"8":{"start":{"line":35,"column":2},"end":{"line":35,"column":46}}},"fnMap":{"0":{"name":"oneOf","decl":{"start":{"line":8,"column":16},"end":{"line":8,"column":21}},"loc":{"start":{"line":8,"column":41},"end":{"line":15,"column":1}},"line":8},"1":{"name":"camelize","decl":{"start":{"line":23,"column":16},"end":{"line":23,"column":24}},"loc":{"start":{"line":23,"column":31},"end":{"line":26,"column":1}},"line":23},"2":{"name":"(anonymous_2)","decl":{"start":{"line":25,"column":33},"end":{"line":25,"column":34}},"loc":{"start":{"line":25,"column":43},"end":{"line":25,"column":58}},"line":25},"3":{"name":"isDef","decl":{"start":{"line":34,"column":16},"end":{"line":34,"column":21}},"loc":{"start":{"line":34,"column":30},"end":{"line":36,"column":1}},"line":34}},"branchMap":{"0":{"loc":{"start":{"line":10,"column":4},"end":{"line":12,"column":5}},"type":"if","locations":[{"start":{"line":10,"column":4},"end":{"line":12,"column":5}},{"start":{"line":10,"column":4},"end":{"line":12,"column":5}}],"line":10},"1":{"loc":{"start":{"line":35,"column":9},"end":{"line":35,"column":46}},"type":"binary-expr","locations":[{"start":{"line":35,"column":9},"end":{"line":35,"column":28}},{"start":{"line":35,"column":32},"end":{"line":35,"column":46}}],"line":35}},"s":{"0":0,"1":0,"2":0,"3":0,"4":0,"5":1,"6":1,"7":2,"8":0},"f":{"0":0,"1":1,"2":2,"3":0},"b":{"0":[0,0],"1":[0,0]},"_coverageSchema":"43e27e138ebf9cfc5966b082cf9a028302ed4184","hash":"6cf5a19f8a9795584ea27fc7ab4cfefe45dd53db"}
}
