{"D:\\zhangxiaoyu\\vuxes\\packages\\index.js": {"path":"D:\\zhangxiaoyu\\vuxes\\packages\\index.js","statementMap":{"0":{"start":{"line":5,"column":16},"end":{"line":5,"column":23}},"1":{"start":{"line":6,"column":19},"end":{"line":9,"column":1}},"2":{"start":{"line":10,"column":16},"end":{"line":14,"column":1}},"3":{"start":{"line":11,"column":2},"end":{"line":13,"column":4}},"4":{"start":{"line":12,"column":4},"end":{"line":12,"column":22}},"5":{"start":{"line":16,"column":0},"end":{"line":18,"column":1}}},"fnMap":{"0":{"name":"(anonymous_0)","decl":{"start":{"line":10,"column":16},"end":{"line":10,"column":17}},"loc":{"start":{"line":10,"column":23},"end":{"line":14,"column":1}},"line":10},"1":{"name":"(anonymous_1)","decl":{"start":{"line":11,"column":21},"end":{"line":11,"column":22}},"loc":{"start":{"line":11,"column":34},"end":{"line":13,"column":3}},"line":11}},"branchMap":{"0":{"loc":{"start":{"line":16,"column":0},"end":{"line":18,"column":1}},"type":"if","locations":[{"start":{"line":16,"column":0},"end":{"line":18,"column":1}}],"line":16},"1":{"loc":{"start":{"line":16,"column":4},"end":{"line":16,"column":47}},"type":"binary-expr","locations":[{"start":{"line":16,"column":4},"end":{"line":16,"column":33}},{"start":{"line":16,"column":37},"end":{"line":16,"column":47}}],"line":16}},"s":{"0":1,"1":1,"2":1,"3":1,"4":2,"5":1},"f":{"0":1,"1":2},"b":{"0":[1],"1":[1,1]},"_coverageSchema":"43e27e138ebf9cfc5966b082cf9a028302ed4184","hash":"7a6aea0704e9a19e46d75075c79f009eaf274749"}
,"D:\\zhangxiaoyu\\vuxes\\packages\\button\\button.vue": {"path":"D:\\zhangxiaoyu\\vuxes\\packages\\button\\button.vue","statementMap":{"0":{"start":{"line":10,"column":0},"end":{"line":10,"column":null}},"1":{"start":{"line":11,"column":0},"end":{"line":11,"column":null}},"2":{"start":{"line":18,"column":0},"end":{"line":18,"column":null}}},"fnMap":{"0":{"name":"(anonymous_1)","decl":{"start":{"line":17,"column":0},"end":{"line":17,"column":null}},"loc":{"start":{"line":17,"column":0},"end":{"line":19,"column":null}}}},"branchMap":{},"s":{"0":1,"1":1,"2":0},"f":{"0":0},"b":{}}
,"D:\\zhangxiaoyu\\vuxes\\packages\\button\\index.js": {"path":"D:\\zhangxiaoyu\\vuxes\\packages\\button\\index.js","statementMap":{},"fnMap":{},"branchMap":{},"s":{},"f":{},"b":{},"_coverageSchema":"43e27e138ebf9cfc5966b082cf9a028302ed4184","hash":"7bc1aaa09e2256eefbae5e92bdd8d8b40c55b608"}
,"D:\\zhangxiaoyu\\vuxes\\packages\\mixins\\bem.js": {"path":"D:\\zhangxiaoyu\\vuxes\\packages\\mixins\\bem.js","statementMap":{"0":{"start":{"line":10,"column":16},"end":{"line":10,"column":20}},"1":{"start":{"line":11,"column":13},"end":{"line":11,"column":17}},"2":{"start":{"line":13,"column":13},"end":{"line":13,"column":67}},"3":{"start":{"line":13,"column":36},"end":{"line":13,"column":66}},"4":{"start":{"line":15,"column":15},"end":{"line":29,"column":1}},"5":{"start":{"line":16,"column":2},"end":{"line":18,"column":3}},"6":{"start":{"line":17,"column":4},"end":{"line":17,"column":33}},"7":{"start":{"line":20,"column":2},"end":{"line":22,"column":3}},"8":{"start":{"line":21,"column":4},"end":{"line":21,"column":47}},"9":{"start":{"line":21,"column":28},"end":{"line":21,"column":46}},"10":{"start":{"line":24,"column":14},"end":{"line":24,"column":16}},"11":{"start":{"line":25,"column":2},"end":{"line":27,"column":4}},"12":{"start":{"line":26,"column":4},"end":{"line":26,"column":38}},"13":{"start":{"line":28,"column":2},"end":{"line":28,"column":12}},"14":{"start":{"line":34,"column":23},"end":{"line":34,"column":36}},"15":{"start":{"line":36,"column":6},"end":{"line":39,"column":7}},"16":{"start":{"line":37,"column":8},"end":{"line":37,"column":17}},"17":{"start":{"line":38,"column":8},"end":{"line":38,"column":15}},"18":{"start":{"line":40,"column":6},"end":{"line":40,"column":34}},"19":{"start":{"line":42,"column":6},"end":{"line":42,"column":47}}},"fnMap":{"0":{"name":"(anonymous_0)","decl":{"start":{"line":13,"column":13},"end":{"line":13,"column":14}},"loc":{"start":{"line":13,"column":36},"end":{"line":13,"column":66}},"line":13},"1":{"name":"(anonymous_1)","decl":{"start":{"line":15,"column":15},"end":{"line":15,"column":16}},"loc":{"start":{"line":15,"column":31},"end":{"line":29,"column":1}},"line":15},"2":{"name":"(anonymous_2)","decl":{"start":{"line":21,"column":20},"end":{"line":21,"column":21}},"loc":{"start":{"line":21,"column":28},"end":{"line":21,"column":46}},"line":21},"3":{"name":"(anonymous_3)","decl":{"start":{"line":25,"column":36},"end":{"line":25,"column":37}},"loc":{"start":{"line":25,"column":43},"end":{"line":27,"column":3}},"line":25},"4":{"name":"(anonymous_4)","decl":{"start":{"line":33,"column":4},"end":{"line":33,"column":5}},"loc":{"start":{"line":33,"column":17},"end":{"line":43,"column":5}},"line":33}},"branchMap":{"0":{"loc":{"start":{"line":13,"column":36},"end":{"line":13,"column":66}},"type":"cond-expr","locations":[{"start":{"line":13,"column":41},"end":{"line":13,"column":59}},{"start":{"line":13,"column":62},"end":{"line":13,"column":66}}],"line":13},"1":{"loc":{"start":{"line":16,"column":2},"end":{"line":18,"column":3}},"type":"if","locations":[{"start":{"line":16,"column":2},"end":{"line":18,"column":3}},{"start":{"line":16,"column":2},"end":{"line":18,"column":3}}],"line":16},"2":{"loc":{"start":{"line":20,"column":2},"end":{"line":22,"column":3}},"type":"if","locations":[{"start":{"line":20,"column":2},"end":{"line":22,"column":3}},{"start":{"line":20,"column":2},"end":{"line":22,"column":3}}],"line":20},"3":{"loc":{"start":{"line":25,"column":2},"end":{"line":27,"column":4}},"type":"binary-expr","locations":[{"start":{"line":25,"column":2},"end":{"line":25,"column":6}},{"start":{"line":25,"column":10},"end":{"line":27,"column":4}}],"line":25},"4":{"loc":{"start":{"line":36,"column":6},"end":{"line":39,"column":7}},"type":"if","locations":[{"start":{"line":36,"column":6},"end":{"line":39,"column":7}},{"start":{"line":36,"column":6},"end":{"line":39,"column":7}}],"line":36},"5":{"loc":{"start":{"line":36,"column":10},"end":{"line":36,"column":38}},"type":"binary-expr","locations":[{"start":{"line":36,"column":10},"end":{"line":36,"column":12}},{"start":{"line":36,"column":16},"end":{"line":36,"column":38}}],"line":36},"6":{"loc":{"start":{"line":42,"column":13},"end":{"line":42,"column":47}},"type":"cond-expr","locations":[{"start":{"line":42,"column":20},"end":{"line":42,"column":42}},{"start":{"line":42,"column":45},"end":{"line":42,"column":47}}],"line":42}},"s":{"0":1,"1":1,"2":1,"3":0,"4":1,"5":0,"6":0,"7":0,"8":0,"9":0,"10":0,"11":0,"12":0,"13":0,"14":0,"15":0,"16":0,"17":0,"18":0,"19":0},"f":{"0":0,"1":0,"2":0,"3":0,"4":0},"b":{"0":[0,0],"1":[0,0],"2":[0,0],"3":[0,0],"4":[0,0],"5":[0,0],"6":[0,0]},"_coverageSchema":"43e27e138ebf9cfc5966b082cf9a028302ed4184","hash":"3ceb260d6147c2c0ea1bd756248caaa9c1a0f6dc"}
,"D:\\zhangxiaoyu\\vuxes\\packages\\popover\\index.js": {"path":"D:\\zhangxiaoyu\\vuxes\\packages\\popover\\index.js","statementMap":{},"fnMap":{},"branchMap":{},"s":{},"f":{},"b":{},"_coverageSchema":"43e27e138ebf9cfc5966b082cf9a028302ed4184","hash":"46293ecd08a3a5fac9b4653ac5ed869afd58dd29"}
,"D:\\zhangxiaoyu\\vuxes\\packages\\popover\\popover.vue": {"path":"D:\\zhangxiaoyu\\vuxes\\packages\\popover\\popover.vue","statementMap":{"0":{"start":{"line":26,"column":0},"end":{"line":26,"column":null}},"1":{"start":{"line":27,"column":0},"end":{"line":27,"column":null}},"2":{"start":{"line":28,"column":0},"end":{"line":28,"column":null}},"3":{"start":{"line":29,"column":0},"end":{"line":29,"column":null}},"4":{"start":{"line":45,"column":0},"end":{"line":45,"column":null}},"5":{"start":{"line":54,"column":0},"end":{"line":54,"column":null}},"6":{"start":{"line":77,"column":0},"end":{"line":77,"column":null}},"7":{"start":{"line":84,"column":0},"end":{"line":84,"column":null}},"8":{"start":{"line":87,"column":0},"end":{"line":87,"column":null}},"9":{"start":{"line":92,"column":0},"end":{"line":92,"column":null}},"10":{"start":{"line":95,"column":0},"end":{"line":95,"column":null}},"11":{"start":{"line":98,"column":0},"end":{"line":98,"column":null}},"12":{"start":{"line":101,"column":0},"end":{"line":101,"column":null}},"13":{"start":{"line":102,"column":0},"end":{"line":102,"column":null}},"14":{"start":{"line":105,"column":0},"end":{"line":105,"column":null}},"15":{"start":{"line":106,"column":0},"end":{"line":106,"column":null}},"16":{"start":{"line":109,"column":0},"end":{"line":109,"column":null}},"17":{"start":{"line":112,"column":0},"end":{"line":114,"column":null}},"18":{"start":{"line":113,"column":0},"end":{"line":113,"column":null}},"19":{"start":{"line":117,"column":0},"end":{"line":117,"column":null}},"20":{"start":{"line":118,"column":0},"end":{"line":118,"column":null}},"21":{"start":{"line":120,"column":0},"end":{"line":125,"column":null}},"22":{"start":{"line":121,"column":0},"end":{"line":121,"column":null}},"23":{"start":{"line":122,"column":0},"end":{"line":124,"column":null}},"24":{"start":{"line":123,"column":0},"end":{"line":123,"column":null}},"25":{"start":{"line":129,"column":0},"end":{"line":129,"column":null}},"26":{"start":{"line":135,"column":0},"end":{"line":135,"column":null}},"27":{"start":{"line":138,"column":0},"end":{"line":138,"column":null}},"28":{"start":{"line":139,"column":0},"end":{"line":145,"column":null}},"29":{"start":{"line":140,"column":0},"end":{"line":142,"column":null}},"30":{"start":{"line":141,"column":0},"end":{"line":141,"column":null}},"31":{"start":{"line":144,"column":0},"end":{"line":144,"column":null}},"32":{"start":{"line":148,"column":0},"end":{"line":148,"column":null}},"33":{"start":{"line":149,"column":0},"end":{"line":155,"column":null}},"34":{"start":{"line":150,"column":0},"end":{"line":152,"column":null}},"35":{"start":{"line":151,"column":0},"end":{"line":151,"column":null}},"36":{"start":{"line":154,"column":0},"end":{"line":154,"column":null}},"37":{"start":{"line":158,"column":0},"end":{"line":160,"column":null}},"38":{"start":{"line":159,"column":0},"end":{"line":159,"column":null}},"39":{"start":{"line":168,"column":0},"end":{"line":168,"column":null}},"40":{"start":{"line":173,"column":0},"end":{"line":175,"column":null}},"41":{"start":{"line":174,"column":0},"end":{"line":174,"column":null}},"42":{"start":{"line":176,"column":0},"end":{"line":176,"column":null}},"43":{"start":{"line":181,"column":0},"end":{"line":181,"column":null}},"44":{"start":{"line":182,"column":0},"end":{"line":182,"column":null}},"45":{"start":{"line":184,"column":0},"end":{"line":189,"column":null}},"46":{"start":{"line":185,"column":0},"end":{"line":185,"column":null}},"47":{"start":{"line":186,"column":0},"end":{"line":188,"column":null}},"48":{"start":{"line":187,"column":0},"end":{"line":187,"column":null}},"49":{"start":{"line":191,"column":0},"end":{"line":213,"column":null}},"50":{"start":{"line":192,"column":0},"end":{"line":192,"column":null}},"51":{"start":{"line":193,"column":0},"end":{"line":193,"column":null}},"52":{"start":{"line":194,"column":0},"end":{"line":194,"column":null}},"53":{"start":{"line":195,"column":0},"end":{"line":195,"column":null}},"54":{"start":{"line":197,"column":0},"end":{"line":210,"column":null}},"55":{"start":{"line":198,"column":0},"end":{"line":206,"column":null}},"56":{"start":{"line":199,"column":0},"end":{"line":199,"column":null}},"57":{"start":{"line":202,"column":0},"end":{"line":202,"column":null}},"58":{"start":{"line":203,"column":0},"end":{"line":205,"column":null}},"59":{"start":{"line":204,"column":0},"end":{"line":204,"column":null}},"60":{"start":{"line":207,"column":0},"end":{"line":207,"column":null}},"61":{"start":{"line":208,"column":0},"end":{"line":208,"column":null}},"62":{"start":{"line":209,"column":0},"end":{"line":209,"column":null}},"63":{"start":{"line":211,"column":0},"end":{"line":211,"column":null}},"64":{"start":{"line":212,"column":0},"end":{"line":212,"column":null}},"65":{"start":{"line":214,"column":0},"end":{"line":233,"column":null}},"66":{"start":{"line":215,"column":0},"end":{"line":215,"column":null}},"67":{"start":{"line":216,"column":0},"end":{"line":216,"column":null}},"68":{"start":{"line":217,"column":0},"end":{"line":233,"column":null}},"69":{"start":{"line":218,"column":0},"end":{"line":218,"column":null}},"70":{"start":{"line":219,"column":0},"end":{"line":219,"column":null}},"71":{"start":{"line":220,"column":0},"end":{"line":220,"column":null}},"72":{"start":{"line":221,"column":0},"end":{"line":221,"column":null}},"73":{"start":{"line":222,"column":0},"end":{"line":233,"column":null}},"74":{"start":{"line":223,"column":0},"end":{"line":225,"column":null}},"75":{"start":{"line":224,"column":0},"end":{"line":224,"column":null}},"76":{"start":{"line":226,"column":0},"end":{"line":232,"column":null}},"77":{"start":{"line":227,"column":0},"end":{"line":227,"column":null}},"78":{"start":{"line":228,"column":0},"end":{"line":228,"column":null}},"79":{"start":{"line":230,"column":0},"end":{"line":230,"column":null}},"80":{"start":{"line":231,"column":0},"end":{"line":231,"column":null}},"81":{"start":{"line":237,"column":0},"end":{"line":237,"column":null}},"82":{"start":{"line":241,"column":0},"end":{"line":241,"column":null}},"83":{"start":{"line":243,"column":0},"end":{"line":243,"column":null}},"84":{"start":{"line":244,"column":0},"end":{"line":244,"column":null}},"85":{"start":{"line":245,"column":0},"end":{"line":245,"column":null}},"86":{"start":{"line":246,"column":0},"end":{"line":246,"column":null}},"87":{"start":{"line":247,"column":0},"end":{"line":247,"column":null}},"88":{"start":{"line":248,"column":0},"end":{"line":248,"column":null}},"89":{"start":{"line":249,"column":0},"end":{"line":249,"column":null}},"90":{"start":{"line":250,"column":0},"end":{"line":250,"column":null}},"91":{"start":{"line":251,"column":0},"end":{"line":251,"column":null}},"92":{"start":{"line":252,"column":0},"end":{"line":252,"column":null}}},"fnMap":{"0":{"name":"(anonymous_1)","decl":{"start":{"line":44,"column":0},"end":{"line":44,"column":null}},"loc":{"start":{"line":44,"column":0},"end":{"line":46,"column":null}}},"1":{"name":"(anonymous_2)","decl":{"start":{"line":54,"column":0},"end":{"line":54,"column":null}},"loc":{"start":{"line":54,"column":0},"end":{"line":54,"column":null}}},"2":{"name":"(anonymous_3)","decl":{"start":{"line":76,"column":0},"end":{"line":76,"column":null}},"loc":{"start":{"line":76,"column":0},"end":{"line":81,"column":null}}},"3":{"name":"(anonymous_4)","decl":{"start":{"line":83,"column":0},"end":{"line":83,"column":null}},"loc":{"start":{"line":83,"column":0},"end":{"line":85,"column":null}}},"4":{"name":"(anonymous_5)","decl":{"start":{"line":86,"column":0},"end":{"line":86,"column":null}},"loc":{"start":{"line":86,"column":0},"end":{"line":90,"column":null}}},"5":{"name":"(anonymous_6)","decl":{"start":{"line":91,"column":0},"end":{"line":91,"column":null}},"loc":{"start":{"line":91,"column":0},"end":{"line":93,"column":null}}},"6":{"name":"(anonymous_7)","decl":{"start":{"line":94,"column":0},"end":{"line":94,"column":null}},"loc":{"start":{"line":94,"column":0},"end":{"line":96,"column":null}}},"7":{"name":"(anonymous_8)","decl":{"start":{"line":97,"column":0},"end":{"line":97,"column":null}},"loc":{"start":{"line":97,"column":0},"end":{"line":99,"column":null}}},"8":{"name":"(anonymous_9)","decl":{"start":{"line":100,"column":0},"end":{"line":100,"column":null}},"loc":{"start":{"line":100,"column":0},"end":{"line":103,"column":null}}},"9":{"name":"(anonymous_10)","decl":{"start":{"line":104,"column":0},"end":{"line":104,"column":null}},"loc":{"start":{"line":104,"column":0},"end":{"line":107,"column":null}}},"10":{"name":"(anonymous_11)","decl":{"start":{"line":108,"column":0},"end":{"line":108,"column":null}},"loc":{"start":{"line":108,"column":0},"end":{"line":110,"column":null}}},"11":{"name":"(anonymous_12)","decl":{"start":{"line":111,"column":0},"end":{"line":111,"column":null}},"loc":{"start":{"line":111,"column":0},"end":{"line":115,"column":null}}},"12":{"name":"(anonymous_13)","decl":{"start":{"line":116,"column":0},"end":{"line":116,"column":null}},"loc":{"start":{"line":116,"column":0},"end":{"line":136,"column":null}}},"13":{"name":"(anonymous_14)","decl":{"start":{"line":137,"column":0},"end":{"line":137,"column":null}},"loc":{"start":{"line":137,"column":0},"end":{"line":146,"column":null}}},"14":{"name":"(anonymous_15)","decl":{"start":{"line":140,"column":0},"end":{"line":140,"column":null}},"loc":{"start":{"line":140,"column":0},"end":{"line":142,"column":null}}},"15":{"name":"(anonymous_16)","decl":{"start":{"line":147,"column":0},"end":{"line":147,"column":null}},"loc":{"start":{"line":147,"column":0},"end":{"line":156,"column":null}}},"16":{"name":"(anonymous_17)","decl":{"start":{"line":150,"column":0},"end":{"line":150,"column":null}},"loc":{"start":{"line":150,"column":0},"end":{"line":152,"column":null}}},"17":{"name":"(anonymous_18)","decl":{"start":{"line":157,"column":0},"end":{"line":157,"column":null}},"loc":{"start":{"line":157,"column":0},"end":{"line":161,"column":null}}},"18":{"name":"(anonymous_19)","decl":{"start":{"line":167,"column":0},"end":{"line":167,"column":null}},"loc":{"start":{"line":167,"column":0},"end":{"line":169,"column":null}}},"19":{"name":"(anonymous_20)","decl":{"start":{"line":172,"column":0},"end":{"line":172,"column":null}},"loc":{"start":{"line":172,"column":0},"end":{"line":177,"column":null}}},"20":{"name":"(anonymous_21)","decl":{"start":{"line":180,"column":0},"end":{"line":180,"column":null}},"loc":{"start":{"line":180,"column":0},"end":{"line":234,"column":null}}},"21":{"name":"(anonymous_22)","decl":{"start":{"line":198,"column":0},"end":{"line":198,"column":null}},"loc":{"start":{"line":198,"column":0},"end":{"line":206,"column":null}}},"22":{"name":"(anonymous_23)","decl":{"start":{"line":236,"column":0},"end":{"line":236,"column":null}},"loc":{"start":{"line":236,"column":0},"end":{"line":238,"column":null}}},"23":{"name":"(anonymous_24)","decl":{"start":{"line":240,"column":0},"end":{"line":240,"column":null}},"loc":{"start":{"line":240,"column":0},"end":{"line":253,"column":null}}}},"branchMap":{"0":{"loc":{"start":{"line":45,"column":0},"end":{"line":45,"column":null}},"type":"cond-expr","locations":[{"start":{"line":45,"column":0},"end":{"line":45,"column":null}},{"start":{"line":45,"column":0},"end":{"line":45,"column":null}}]},"1":{"loc":{"start":{"line":102,"column":0},"end":{"line":102,"column":null}},"type":"if","locations":[{"start":{"line":102,"column":0},"end":{"line":102,"column":null}},{"start":{"line":102,"column":0},"end":{"line":102,"column":null}}]},"2":{"loc":{"start":{"line":106,"column":0},"end":{"line":106,"column":null}},"type":"if","locations":[{"start":{"line":106,"column":0},"end":{"line":106,"column":null}},{"start":{"line":106,"column":0},"end":{"line":106,"column":null}}]},"3":{"loc":{"start":{"line":112,"column":0},"end":{"line":114,"column":null}},"type":"if","locations":[{"start":{"line":112,"column":0},"end":{"line":114,"column":null}},{"start":{"line":112,"column":0},"end":{"line":114,"column":null}}]},"4":{"loc":{"start":{"line":112,"column":0},"end":{"line":112,"column":null}},"type":"binary-expr","locations":[{"start":{"line":112,"column":0},"end":{"line":112,"column":null}},{"start":{"line":112,"column":0},"end":{"line":112,"column":null}}]},"5":{"loc":{"start":{"line":117,"column":0},"end":{"line":117,"column":null}},"type":"binary-expr","locations":[{"start":{"line":117,"column":0},"end":{"line":117,"column":null}},{"start":{"line":117,"column":0},"end":{"line":117,"column":null}}]},"6":{"loc":{"start":{"line":118,"column":0},"end":{"line":118,"column":null}},"type":"binary-expr","locations":[{"start":{"line":118,"column":0},"end":{"line":118,"column":null}},{"start":{"line":118,"column":0},"end":{"line":118,"column":null}}]},"7":{"loc":{"start":{"line":120,"column":0},"end":{"line":125,"column":null}},"type":"if","locations":[{"start":{"line":120,"column":0},"end":{"line":125,"column":null}},{"start":{"line":120,"column":0},"end":{"line":125,"column":null}}]},"8":{"loc":{"start":{"line":122,"column":0},"end":{"line":124,"column":null}},"type":"if","locations":[{"start":{"line":122,"column":0},"end":{"line":124,"column":null}},{"start":{"line":122,"column":0},"end":{"line":124,"column":null}}]},"9":{"loc":{"start":{"line":122,"column":0},"end":{"line":122,"column":null}},"type":"binary-expr","locations":[{"start":{"line":122,"column":0},"end":{"line":122,"column":null}},{"start":{"line":122,"column":0},"end":{"line":122,"column":null}}]},"10":{"loc":{"start":{"line":129,"column":0},"end":{"line":129,"column":null}},"type":"if","locations":[{"start":{"line":129,"column":0},"end":{"line":129,"column":null}},{"start":{"line":129,"column":0},"end":{"line":129,"column":null}}]},"11":{"loc":{"start":{"line":129,"column":0},"end":{"line":129,"column":null}},"type":"binary-expr","locations":[{"start":{"line":129,"column":0},"end":{"line":129,"column":null}},{"start":{"line":129,"column":0},"end":{"line":129,"column":null}},{"start":{"line":129,"column":0},"end":{"line":129,"column":null}},{"start":{"line":129,"column":0},"end":{"line":129,"column":null}},{"start":{"line":129,"column":0},"end":{"line":129,"column":null}},{"start":{"line":129,"column":0},"end":{"line":129,"column":null}}]},"12":{"loc":{"start":{"line":139,"column":0},"end":{"line":145,"column":null}},"type":"if","locations":[{"start":{"line":139,"column":0},"end":{"line":145,"column":null}},{"start":{"line":139,"column":0},"end":{"line":145,"column":null}}]},"13":{"loc":{"start":{"line":149,"column":0},"end":{"line":155,"column":null}},"type":"if","locations":[{"start":{"line":149,"column":0},"end":{"line":155,"column":null}},{"start":{"line":149,"column":0},"end":{"line":155,"column":null}}]},"14":{"loc":{"start":{"line":158,"column":0},"end":{"line":160,"column":null}},"type":"if","locations":[{"start":{"line":158,"column":0},"end":{"line":160,"column":null}},{"start":{"line":158,"column":0},"end":{"line":160,"column":null}}]},"15":{"loc":{"start":{"line":158,"column":0},"end":{"line":158,"column":null}},"type":"binary-expr","locations":[{"start":{"line":158,"column":0},"end":{"line":158,"column":null}},{"start":{"line":158,"column":0},"end":{"line":158,"column":null}}]},"16":{"loc":{"start":{"line":173,"column":0},"end":{"line":175,"column":null}},"type":"if","locations":[{"start":{"line":173,"column":0},"end":{"line":175,"column":null}},{"start":{"line":173,"column":0},"end":{"line":175,"column":null}}]},"17":{"loc":{"start":{"line":176,"column":0},"end":{"line":176,"column":null}},"type":"cond-expr","locations":[{"start":{"line":176,"column":0},"end":{"line":176,"column":null}},{"start":{"line":176,"column":0},"end":{"line":176,"column":null}}]},"18":{"loc":{"start":{"line":181,"column":0},"end":{"line":181,"column":null}},"type":"binary-expr","locations":[{"start":{"line":181,"column":0},"end":{"line":181,"column":null}},{"start":{"line":181,"column":0},"end":{"line":181,"column":null}}]},"19":{"loc":{"start":{"line":182,"column":0},"end":{"line":182,"column":null}},"type":"binary-expr","locations":[{"start":{"line":182,"column":0},"end":{"line":182,"column":null}},{"start":{"line":182,"column":0},"end":{"line":182,"column":null}}]},"20":{"loc":{"start":{"line":184,"column":0},"end":{"line":189,"column":null}},"type":"if","locations":[{"start":{"line":184,"column":0},"end":{"line":189,"column":null}},{"start":{"line":184,"column":0},"end":{"line":189,"column":null}}]},"21":{"loc":{"start":{"line":186,"column":0},"end":{"line":188,"column":null}},"type":"if","locations":[{"start":{"line":186,"column":0},"end":{"line":188,"column":null}},{"start":{"line":186,"column":0},"end":{"line":188,"column":null}}]},"22":{"loc":{"start":{"line":186,"column":0},"end":{"line":186,"column":null}},"type":"binary-expr","locations":[{"start":{"line":186,"column":0},"end":{"line":186,"column":null}},{"start":{"line":186,"column":0},"end":{"line":186,"column":null}}]},"23":{"loc":{"start":{"line":191,"column":0},"end":{"line":213,"column":null}},"type":"if","locations":[{"start":{"line":191,"column":0},"end":{"line":213,"column":null}},{"start":{"line":191,"column":0},"end":{"line":213,"column":null}}]},"24":{"loc":{"start":{"line":197,"column":0},"end":{"line":210,"column":null}},"type":"if","locations":[{"start":{"line":197,"column":0},"end":{"line":210,"column":null}},{"start":{"line":197,"column":0},"end":{"line":210,"column":null}}]},"25":{"loc":{"start":{"line":203,"column":0},"end":{"line":205,"column":null}},"type":"if","locations":[{"start":{"line":203,"column":0},"end":{"line":205,"column":null}},{"start":{"line":203,"column":0},"end":{"line":205,"column":null}}]},"26":{"loc":{"start":{"line":203,"column":0},"end":{"line":203,"column":null}},"type":"binary-expr","locations":[{"start":{"line":203,"column":0},"end":{"line":203,"column":null}},{"start":{"line":203,"column":0},"end":{"line":203,"column":null}}]},"27":{"loc":{"start":{"line":214,"column":0},"end":{"line":233,"column":null}},"type":"if","locations":[{"start":{"line":214,"column":0},"end":{"line":233,"column":null}},{"start":{"line":214,"column":0},"end":{"line":233,"column":null}}]},"28":{"loc":{"start":{"line":217,"column":0},"end":{"line":233,"column":null}},"type":"if","locations":[{"start":{"line":217,"column":0},"end":{"line":233,"column":null}},{"start":{"line":217,"column":0},"end":{"line":233,"column":null}}]},"29":{"loc":{"start":{"line":222,"column":0},"end":{"line":233,"column":null}},"type":"if","locations":[{"start":{"line":222,"column":0},"end":{"line":233,"column":null}},{"start":{"line":222,"column":0},"end":{"line":233,"column":null}}]},"30":{"loc":{"start":{"line":223,"column":0},"end":{"line":225,"column":null}},"type":"if","locations":[{"start":{"line":223,"column":0},"end":{"line":225,"column":null}},{"start":{"line":223,"column":0},"end":{"line":225,"column":null}}]},"31":{"loc":{"start":{"line":226,"column":0},"end":{"line":232,"column":null}},"type":"if","locations":[{"start":{"line":226,"column":0},"end":{"line":232,"column":null}},{"start":{"line":226,"column":0},"end":{"line":232,"column":null}}]}},"s":{"0":1,"1":1,"2":1,"3":1,"4":0,"5":0,"6":0,"7":0,"8":0,"9":0,"10":0,"11":0,"12":0,"13":0,"14":0,"15":0,"16":0,"17":0,"18":0,"19":0,"20":0,"21":0,"22":0,"23":0,"24":0,"25":0,"26":0,"27":0,"28":0,"29":0,"30":0,"31":0,"32":0,"33":0,"34":0,"35":0,"36":0,"37":0,"38":0,"39":0,"40":0,"41":0,"42":0,"43":0,"44":0,"45":0,"46":0,"47":0,"48":0,"49":0,"50":0,"51":0,"52":0,"53":0,"54":0,"55":0,"56":0,"57":0,"58":0,"59":0,"60":0,"61":0,"62":0,"63":0,"64":0,"65":0,"66":0,"67":0,"68":0,"69":0,"70":0,"71":0,"72":0,"73":0,"74":0,"75":0,"76":0,"77":0,"78":0,"79":0,"80":0,"81":0,"82":0,"83":0,"84":0,"85":0,"86":0,"87":0,"88":0,"89":0,"90":0,"91":0,"92":0},"f":{"0":0,"1":0,"2":0,"3":0,"4":0,"5":0,"6":0,"7":0,"8":0,"9":0,"10":0,"11":0,"12":0,"13":0,"14":0,"15":0,"16":0,"17":0,"18":0,"19":0,"20":0,"21":0,"22":0,"23":0},"b":{"0":[0,0],"1":[0,0],"2":[0,0],"3":[0,0],"4":[0,0],"5":[0,0],"6":[0,0],"7":[0,0],"8":[0,0],"9":[0,0],"10":[0,0],"11":[0,0,0,0,0,0],"12":[0,0],"13":[0,0],"14":[0,0],"15":[0,0],"16":[0,0],"17":[0,0],"18":[0,0],"19":[0,0],"20":[0,0],"21":[0,0],"22":[0,0],"23":[0,0],"24":[0,0],"25":[0,0],"26":[0,0],"27":[0,0],"28":[0,0],"29":[0,0],"30":[0,0],"31":[0,0]}}
,"D:\\zhangxiaoyu\\vuxes\\packages\\popover\\utils\\popper-mixin.js": {"path":"D:\\zhangxiaoyu\\vuxes\\packages\\popover\\utils\\popper-mixin.js","statementMap":{"0":{"start":{"line":4,"column":17},"end":{"line":4,"column":79}},"1":{"start":{"line":6,"column":13},"end":{"line":6,"column":37}},"2":{"start":{"line":6,"column":18},"end":{"line":6,"column":37}},"3":{"start":{"line":10,"column":4},"end":{"line":19,"column":5}},"4":{"start":{"line":26,"column":26},"end":{"line":26,"column":188}},"5":{"start":{"line":31,"column":8},"end":{"line":33,"column":9}},"6":{"start":{"line":54,"column":8},"end":{"line":54,"column":29}},"7":{"start":{"line":55,"column":8},"end":{"line":55,"column":31}},"8":{"start":{"line":56,"column":8},"end":{"line":56,"column":34}},"9":{"start":{"line":62,"column":6},"end":{"line":62,"column":31}},"10":{"start":{"line":62,"column":25},"end":{"line":62,"column":31}},"11":{"start":{"line":63,"column":6},"end":{"line":63,"column":57}},"12":{"start":{"line":64,"column":6},"end":{"line":64,"column":33}},"13":{"start":{"line":71,"column":27},"end":{"line":71,"column":31}},"14":{"start":{"line":72,"column":6},"end":{"line":79,"column":7}},"15":{"start":{"line":73,"column":8},"end":{"line":73,"column":25}},"16":{"start":{"line":74,"column":8},"end":{"line":76,"column":9}},"17":{"start":{"line":75,"column":10},"end":{"line":75,"column":67}},"18":{"start":{"line":78,"column":8},"end":{"line":78,"column":27}},"19":{"start":{"line":83,"column":6},"end":{"line":83,"column":32}},"20":{"start":{"line":83,"column":26},"end":{"line":83,"column":32}},"21":{"start":{"line":84,"column":6},"end":{"line":84,"column":69}},"22":{"start":{"line":86,"column":32},"end":{"line":86,"column":36}},"23":{"start":{"line":87,"column":21},"end":{"line":87,"column":88}},"24":{"start":{"line":88,"column":22},"end":{"line":88,"column":101}},"25":{"start":{"line":90,"column":6},"end":{"line":95,"column":7}},"26":{"start":{"line":91,"column":30},"end":{"line":91,"column":51}},"27":{"start":{"line":92,"column":8},"end":{"line":94,"column":9}},"28":{"start":{"line":93,"column":10},"end":{"line":93,"column":62}},"29":{"start":{"line":97,"column":6},"end":{"line":97,"column":39}},"30":{"start":{"line":97,"column":33},"end":{"line":97,"column":39}},"31":{"start":{"line":98,"column":6},"end":{"line":98,"column":53}},"32":{"start":{"line":98,"column":29},"end":{"line":98,"column":53}},"33":{"start":{"line":100,"column":6},"end":{"line":100,"column":57}},"34":{"start":{"line":100,"column":29},"end":{"line":100,"column":57}},"35":{"start":{"line":101,"column":6},"end":{"line":101,"column":73}},"36":{"start":{"line":101,"column":50},"end":{"line":101,"column":73}},"37":{"start":{"line":103,"column":6},"end":{"line":103,"column":53}},"38":{"start":{"line":104,"column":6},"end":{"line":104,"column":40}},"39":{"start":{"line":105,"column":6},"end":{"line":105,"column":50}},"40":{"start":{"line":106,"column":6},"end":{"line":106,"column":68}},"41":{"start":{"line":107,"column":6},"end":{"line":111,"column":8}},"42":{"start":{"line":108,"column":8},"end":{"line":108,"column":35}},"43":{"start":{"line":109,"column":8},"end":{"line":109,"column":35}},"44":{"start":{"line":110,"column":8},"end":{"line":110,"column":27}},"45":{"start":{"line":112,"column":6},"end":{"line":113,"column":54}},"46":{"start":{"line":114,"column":6},"end":{"line":114,"column":68}},"47":{"start":{"line":115,"column":6},"end":{"line":115,"column":52}},"48":{"start":{"line":119,"column":6},"end":{"line":119,"column":39}},"49":{"start":{"line":119,"column":33},"end":{"line":119,"column":39}},"50":{"start":{"line":120,"column":27},"end":{"line":125,"column":7}},"51":{"start":{"line":126,"column":24},"end":{"line":126,"column":87}},"52":{"start":{"line":127,"column":21},"end":{"line":127,"column":44}},"53":{"start":{"line":128,"column":6},"end":{"line":130,"column":93}},"54":{"start":{"line":134,"column":6},"end":{"line":134,"column":31}},"55":{"start":{"line":134,"column":25},"end":{"line":134,"column":31}},"56":{"start":{"line":136,"column":6},"end":{"line":136,"column":26}},"57":{"start":{"line":139,"column":6},"end":{"line":144,"column":7}},"58":{"start":{"line":140,"column":8},"end":{"line":143,"column":9}},"59":{"start":{"line":141,"column":10},"end":{"line":141,"column":45}},"60":{"start":{"line":142,"column":10},"end":{"line":142,"column":15}},"61":{"start":{"line":146,"column":20},"end":{"line":146,"column":49}},"62":{"start":{"line":148,"column":6},"end":{"line":148,"column":42}},"63":{"start":{"line":149,"column":6},"end":{"line":149,"column":39}},"64":{"start":{"line":150,"column":6},"end":{"line":150,"column":39}},"65":{"start":{"line":151,"column":6},"end":{"line":151,"column":31}}},"fnMap":{"0":{"name":"(anonymous_0)","decl":{"start":{"line":4,"column":43},"end":{"line":4,"column":44}},"loc":{"start":{"line":4,"column":55},"end":{"line":4,"column":57}},"line":4},"1":{"name":"(anonymous_1)","decl":{"start":{"line":6,"column":13},"end":{"line":6,"column":14}},"loc":{"start":{"line":6,"column":18},"end":{"line":6,"column":37}},"line":6},"2":{"name":"(anonymous_2)","decl":{"start":{"line":9,"column":2},"end":{"line":9,"column":3}},"loc":{"start":{"line":9,"column":10},"end":{"line":20,"column":3}},"line":9},"3":{"name":"(anonymous_3)","decl":{"start":{"line":26,"column":17},"end":{"line":26,"column":18}},"loc":{"start":{"line":26,"column":26},"end":{"line":26,"column":188}},"line":26},"4":{"name":"(anonymous_4)","decl":{"start":{"line":30,"column":6},"end":{"line":30,"column":7}},"loc":{"start":{"line":30,"column":17},"end":{"line":34,"column":7}},"line":30},"5":{"name":"(anonymous_5)","decl":{"start":{"line":53,"column":6},"end":{"line":53,"column":7}},"loc":{"start":{"line":53,"column":22},"end":{"line":57,"column":7}},"line":53},"6":{"name":"(anonymous_6)","decl":{"start":{"line":61,"column":4},"end":{"line":61,"column":5}},"loc":{"start":{"line":61,"column":24},"end":{"line":65,"column":5}},"line":61},"7":{"name":"(anonymous_7)","decl":{"start":{"line":70,"column":4},"end":{"line":70,"column":5}},"loc":{"start":{"line":70,"column":20},"end":{"line":80,"column":5}},"line":70},"8":{"name":"(anonymous_8)","decl":{"start":{"line":82,"column":4},"end":{"line":82,"column":5}},"loc":{"start":{"line":82,"column":20},"end":{"line":116,"column":5}},"line":82},"9":{"name":"(anonymous_9)","decl":{"start":{"line":107,"column":29},"end":{"line":107,"column":30}},"loc":{"start":{"line":107,"column":34},"end":{"line":111,"column":7}},"line":107},"10":{"name":"(anonymous_10)","decl":{"start":{"line":118,"column":4},"end":{"line":118,"column":5}},"loc":{"start":{"line":118,"column":28},"end":{"line":131,"column":5}},"line":118},"11":{"name":"(anonymous_11)","decl":{"start":{"line":133,"column":4},"end":{"line":133,"column":5}},"loc":{"start":{"line":133,"column":25},"end":{"line":152,"column":5}},"line":133},"12":{"name":"(anonymous_12)","decl":{"start":{"line":154,"column":4},"end":{"line":154,"column":5}},"loc":{"start":{"line":154,"column":21},"end":{"line":154,"column":23}},"line":154}},"branchMap":{"0":{"loc":{"start":{"line":4,"column":17},"end":{"line":4,"column":79}},"type":"cond-expr","locations":[{"start":{"line":4,"column":43},"end":{"line":4,"column":57}},{"start":{"line":4,"column":60},"end":{"line":4,"column":79}}],"line":4},"1":{"loc":{"start":{"line":62,"column":6},"end":{"line":62,"column":31}},"type":"if","locations":[{"start":{"line":62,"column":6},"end":{"line":62,"column":31}},{"start":{"line":62,"column":6},"end":{"line":62,"column":31}}],"line":62},"2":{"loc":{"start":{"line":63,"column":6},"end":{"line":63,"column":57}},"type":"cond-expr","locations":[{"start":{"line":63,"column":15},"end":{"line":63,"column":34}},{"start":{"line":63,"column":37},"end":{"line":63,"column":57}}],"line":63},"3":{"loc":{"start":{"line":72,"column":6},"end":{"line":79,"column":7}},"type":"if","locations":[{"start":{"line":72,"column":6},"end":{"line":79,"column":7}},{"start":{"line":72,"column":6},"end":{"line":79,"column":7}}],"line":72},"4":{"loc":{"start":{"line":74,"column":8},"end":{"line":76,"column":9}},"type":"if","locations":[{"start":{"line":74,"column":8},"end":{"line":76,"column":9}},{"start":{"line":74,"column":8},"end":{"line":76,"column":9}}],"line":74},"5":{"loc":{"start":{"line":83,"column":6},"end":{"line":83,"column":32}},"type":"if","locations":[{"start":{"line":83,"column":6},"end":{"line":83,"column":32}},{"start":{"line":83,"column":6},"end":{"line":83,"column":32}}],"line":83},"6":{"loc":{"start":{"line":84,"column":30},"end":{"line":84,"column":69}},"type":"binary-expr","locations":[{"start":{"line":84,"column":30},"end":{"line":84,"column":51}},{"start":{"line":84,"column":55},"end":{"line":84,"column":69}}],"line":84},"7":{"loc":{"start":{"line":87,"column":38},"end":{"line":87,"column":88}},"type":"binary-expr","locations":[{"start":{"line":87,"column":38},"end":{"line":87,"column":52}},{"start":{"line":87,"column":56},"end":{"line":87,"column":67}},{"start":{"line":87,"column":71},"end":{"line":87,"column":88}}],"line":87},"8":{"loc":{"start":{"line":88,"column":42},"end":{"line":88,"column":101}},"type":"binary-expr","locations":[{"start":{"line":88,"column":42},"end":{"line":88,"column":59}},{"start":{"line":88,"column":63},"end":{"line":88,"column":77}},{"start":{"line":88,"column":81},"end":{"line":88,"column":101}}],"line":88},"9":{"loc":{"start":{"line":90,"column":6},"end":{"line":95,"column":7}},"type":"if","locations":[{"start":{"line":90,"column":6},"end":{"line":95,"column":7}},{"start":{"line":90,"column":6},"end":{"line":95,"column":7}}],"line":90},"10":{"loc":{"start":{"line":92,"column":8},"end":{"line":94,"column":9}},"type":"if","locations":[{"start":{"line":92,"column":8},"end":{"line":94,"column":9}},{"start":{"line":92,"column":8},"end":{"line":94,"column":9}}],"line":92},"11":{"loc":{"start":{"line":92,"column":12},"end":{"line":92,"column":45}},"type":"binary-expr","locations":[{"start":{"line":92,"column":12},"end":{"line":92,"column":25}},{"start":{"line":92,"column":29},"end":{"line":92,"column":45}}],"line":92},"12":{"loc":{"start":{"line":97,"column":6},"end":{"line":97,"column":39}},"type":"if","locations":[{"start":{"line":97,"column":6},"end":{"line":97,"column":39}},{"start":{"line":97,"column":6},"end":{"line":97,"column":39}}],"line":97},"13":{"loc":{"start":{"line":97,"column":10},"end":{"line":97,"column":31}},"type":"binary-expr","locations":[{"start":{"line":97,"column":10},"end":{"line":97,"column":17}},{"start":{"line":97,"column":21},"end":{"line":97,"column":31}}],"line":97},"14":{"loc":{"start":{"line":98,"column":6},"end":{"line":98,"column":53}},"type":"if","locations":[{"start":{"line":98,"column":6},"end":{"line":98,"column":53}},{"start":{"line":98,"column":6},"end":{"line":98,"column":53}}],"line":98},"15":{"loc":{"start":{"line":100,"column":6},"end":{"line":100,"column":57}},"type":"if","locations":[{"start":{"line":100,"column":6},"end":{"line":100,"column":57}},{"start":{"line":100,"column":6},"end":{"line":100,"column":57}}],"line":100},"16":{"loc":{"start":{"line":101,"column":6},"end":{"line":101,"column":73}},"type":"if","locations":[{"start":{"line":101,"column":6},"end":{"line":101,"column":73}},{"start":{"line":101,"column":6},"end":{"line":101,"column":73}}],"line":101},"17":{"loc":{"start":{"line":101,"column":10},"end":{"line":101,"column":48}},"type":"binary-expr","locations":[{"start":{"line":101,"column":10},"end":{"line":101,"column":23}},{"start":{"line":101,"column":27},"end":{"line":101,"column":48}}],"line":101},"18":{"loc":{"start":{"line":112,"column":6},"end":{"line":113,"column":54}},"type":"binary-expr","locations":[{"start":{"line":112,"column":6},"end":{"line":112,"column":50}},{"start":{"line":113,"column":8},"end":{"line":113,"column":54}}],"line":112},"19":{"loc":{"start":{"line":119,"column":6},"end":{"line":119,"column":39}},"type":"if","locations":[{"start":{"line":119,"column":6},"end":{"line":119,"column":39}},{"start":{"line":119,"column":6},"end":{"line":119,"column":39}}],"line":119},"20":{"loc":{"start":{"line":128,"column":52},"end":{"line":130,"column":93}},"type":"cond-expr","locations":[{"start":{"line":129,"column":10},"end":{"line":129,"column":30}},{"start":{"line":130,"column":10},"end":{"line":130,"column":93}}],"line":128},"21":{"loc":{"start":{"line":130,"column":10},"end":{"line":130,"column":93}},"type":"cond-expr","locations":[{"start":{"line":130,"column":54},"end":{"line":130,"column":72}},{"start":{"line":130,"column":75},"end":{"line":130,"column":93}}],"line":130},"22":{"loc":{"start":{"line":134,"column":6},"end":{"line":134,"column":31}},"type":"if","locations":[{"start":{"line":134,"column":6},"end":{"line":134,"column":31}},{"start":{"line":134,"column":6},"end":{"line":134,"column":31}}],"line":134},"23":{"loc":{"start":{"line":140,"column":8},"end":{"line":143,"column":9}},"type":"if","locations":[{"start":{"line":140,"column":8},"end":{"line":143,"column":9}},{"start":{"line":140,"column":8},"end":{"line":143,"column":9}}],"line":140},"24":{"loc":{"start":{"line":148,"column":6},"end":{"line":148,"column":42}},"type":"binary-expr","locations":[{"start":{"line":148,"column":6},"end":{"line":148,"column":10}},{"start":{"line":148,"column":14},"end":{"line":148,"column":42}}],"line":148}},"s":{"0":1,"1":1,"2":0,"3":0,"4":0,"5":0,"6":0,"7":0,"8":0,"9":0,"10":0,"11":0,"12":0,"13":0,"14":0,"15":0,"16":0,"17":0,"18":0,"19":0,"20":0,"21":0,"22":0,"23":0,"24":0,"25":0,"26":0,"27":0,"28":0,"29":0,"30":0,"31":0,"32":0,"33":0,"34":0,"35":0,"36":0,"37":0,"38":0,"39":0,"40":0,"41":0,"42":0,"43":0,"44":0,"45":0,"46":0,"47":0,"48":0,"49":0,"50":0,"51":0,"52":0,"53":0,"54":0,"55":0,"56":0,"57":0,"58":0,"59":0,"60":0,"61":0,"62":0,"63":0,"64":0,"65":0},"f":{"0":0,"1":0,"2":0,"3":0,"4":0,"5":0,"6":0,"7":0,"8":0,"9":0,"10":0,"11":0,"12":0},"b":{"0":[0,1],"1":[0,0],"2":[0,0],"3":[0,0],"4":[0,0],"5":[0,0],"6":[0,0],"7":[0,0,0],"8":[0,0,0],"9":[0,0],"10":[0,0],"11":[0,0],"12":[0,0],"13":[0,0],"14":[0,0],"15":[0,0],"16":[0,0],"17":[0,0],"18":[0,0],"19":[0,0],"20":[0,0],"21":[0,0],"22":[0,0],"23":[0,0],"24":[0,0]},"_coverageSchema":"43e27e138ebf9cfc5966b082cf9a028302ed4184","hash":"080ae1df43174e7016a8471747c3708e8fc11cfa"}
,"D:\\zhangxiaoyu\\vuxes\\packages\\popover\\utils\\popper.js": {"path":"D:\\zhangxiaoyu\\vuxes\\packages\\popover\\utils\\popper.js","statementMap":{"0":{"start":{"line":31,"column":1},"end":{"line":1278,"column":4}},"1":{"start":{"line":32,"column":4},"end":{"line":43,"column":5}},"2":{"start":{"line":34,"column":8},"end":{"line":34,"column":24}},"3":{"start":{"line":35,"column":11},"end":{"line":43,"column":5}},"4":{"start":{"line":39,"column":8},"end":{"line":39,"column":35}},"5":{"start":{"line":42,"column":8},"end":{"line":42,"column":32}},"6":{"start":{"line":48,"column":15},"end":{"line":48,"column":21}},"7":{"start":{"line":51,"column":19},"end":{"line":83,"column":5}},"8":{"start":{"line":151,"column":8},"end":{"line":151,"column":70}},"9":{"start":{"line":152,"column":8},"end":{"line":152,"column":24}},"10":{"start":{"line":156,"column":27},"end":{"line":156,"column":75}},"11":{"start":{"line":157,"column":23},"end":{"line":157,"column":93}},"12":{"start":{"line":158,"column":8},"end":{"line":164,"column":9}},"13":{"start":{"line":159,"column":12},"end":{"line":159,"column":62}},"14":{"start":{"line":163,"column":12},"end":{"line":163,"column":62}},"15":{"start":{"line":167,"column":8},"end":{"line":167,"column":61}},"16":{"start":{"line":170,"column":8},"end":{"line":182,"column":22}},"17":{"start":{"line":172,"column":12},"end":{"line":172,"column":80}},"18":{"start":{"line":172,"column":73},"end":{"line":172,"column":80}},"19":{"start":{"line":176,"column":12},"end":{"line":178,"column":13}},"20":{"start":{"line":177,"column":16},"end":{"line":177,"column":82}},"21":{"start":{"line":181,"column":12},"end":{"line":181,"column":56}},"22":{"start":{"line":185,"column":8},"end":{"line":185,"column":79}},"23":{"start":{"line":186,"column":8},"end":{"line":186,"column":74}},"24":{"start":{"line":189,"column":8},"end":{"line":189,"column":22}},"25":{"start":{"line":192,"column":8},"end":{"line":192,"column":36}},"26":{"start":{"line":193,"column":8},"end":{"line":193,"column":20}},"27":{"start":{"line":205,"column":4},"end":{"line":218,"column":6}},"28":{"start":{"line":206,"column":8},"end":{"line":206,"column":52}},"29":{"start":{"line":207,"column":8},"end":{"line":207,"column":37}},"30":{"start":{"line":208,"column":8},"end":{"line":208,"column":41}},"31":{"start":{"line":209,"column":8},"end":{"line":209,"column":36}},"32":{"start":{"line":210,"column":8},"end":{"line":210,"column":71}},"33":{"start":{"line":211,"column":8},"end":{"line":211,"column":37}},"34":{"start":{"line":214,"column":8},"end":{"line":216,"column":9}},"35":{"start":{"line":215,"column":12},"end":{"line":215,"column":34}},"36":{"start":{"line":217,"column":8},"end":{"line":217,"column":20}},"37":{"start":{"line":225,"column":4},"end":{"line":244,"column":6}},"38":{"start":{"line":226,"column":19},"end":{"line":226,"column":49}},"39":{"start":{"line":230,"column":8},"end":{"line":230,"column":49}},"40":{"start":{"line":231,"column":8},"end":{"line":231,"column":58}},"41":{"start":{"line":234,"column":8},"end":{"line":234,"column":87}},"42":{"start":{"line":237,"column":8},"end":{"line":237,"column":118}},"43":{"start":{"line":239,"column":8},"end":{"line":239,"column":64}},"44":{"start":{"line":241,"column":8},"end":{"line":243,"column":9}},"45":{"start":{"line":242,"column":12},"end":{"line":242,"column":44}},"46":{"start":{"line":252,"column":4},"end":{"line":256,"column":6}},"47":{"start":{"line":254,"column":8},"end":{"line":254,"column":23}},"48":{"start":{"line":255,"column":8},"end":{"line":255,"column":20}},"49":{"start":{"line":266,"column":4},"end":{"line":269,"column":6}},"50":{"start":{"line":267,"column":8},"end":{"line":267,"column":45}},"51":{"start":{"line":268,"column":8},"end":{"line":268,"column":20}},"52":{"start":{"line":278,"column":4},"end":{"line":367,"column":6}},"53":{"start":{"line":279,"column":28},"end":{"line":289,"column":9}},"54":{"start":{"line":290,"column":8},"end":{"line":290,"column":58}},"55":{"start":{"line":292,"column":16},"end":{"line":292,"column":29}},"56":{"start":{"line":294,"column":21},"end":{"line":294,"column":52}},"57":{"start":{"line":295,"column":8},"end":{"line":295,"column":49}},"58":{"start":{"line":296,"column":8},"end":{"line":296,"column":49}},"59":{"start":{"line":297,"column":8},"end":{"line":303,"column":9}},"60":{"start":{"line":298,"column":12},"end":{"line":298,"column":91}},"61":{"start":{"line":299,"column":14},"end":{"line":303,"column":9}},"62":{"start":{"line":300,"column":12},"end":{"line":300,"column":46}},"63":{"start":{"line":302,"column":12},"end":{"line":302,"column":48}},"64":{"start":{"line":305,"column":8},"end":{"line":310,"column":9}},"65":{"start":{"line":306,"column":24},"end":{"line":306,"column":60}},"66":{"start":{"line":307,"column":12},"end":{"line":307,"column":57}},"67":{"start":{"line":308,"column":12},"end":{"line":308,"column":57}},"68":{"start":{"line":309,"column":12},"end":{"line":309,"column":38}},"69":{"start":{"line":312,"column":21},"end":{"line":312,"column":76}},"70":{"start":{"line":317,"column":8},"end":{"line":326,"column":9}},"71":{"start":{"line":318,"column":12},"end":{"line":318,"column":55}},"72":{"start":{"line":319,"column":12},"end":{"line":321,"column":13}},"73":{"start":{"line":320,"column":16},"end":{"line":320,"column":147}},"74":{"start":{"line":322,"column":12},"end":{"line":324,"column":13}},"75":{"start":{"line":323,"column":16},"end":{"line":323,"column":67}},"76":{"start":{"line":325,"column":12},"end":{"line":325,"column":31}},"77":{"start":{"line":329,"column":8},"end":{"line":332,"column":9}},"78":{"start":{"line":330,"column":12},"end":{"line":330,"column":110}},"79":{"start":{"line":331,"column":12},"end":{"line":331,"column":31}},"80":{"start":{"line":335,"column":8},"end":{"line":335,"column":35}},"81":{"start":{"line":337,"column":8},"end":{"line":337,"column":22}},"82":{"start":{"line":347,"column":12},"end":{"line":349,"column":15}},"83":{"start":{"line":348,"column":16},"end":{"line":348,"column":49}},"84":{"start":{"line":362,"column":12},"end":{"line":364,"column":15}},"85":{"start":{"line":363,"column":16},"end":{"line":363,"column":93}},"86":{"start":{"line":377,"column":4},"end":{"line":388,"column":6}},"87":{"start":{"line":378,"column":24},"end":{"line":378,"column":50}},"88":{"start":{"line":380,"column":8},"end":{"line":382,"column":9}},"89":{"start":{"line":381,"column":12},"end":{"line":381,"column":30}},"90":{"start":{"line":386,"column":28},"end":{"line":386,"column":57}},"91":{"start":{"line":387,"column":8},"end":{"line":387,"column":52}},"92":{"start":{"line":399,"column":4},"end":{"line":445,"column":6}},"93":{"start":{"line":400,"column":8},"end":{"line":400,"column":44}},"94":{"start":{"line":401,"column":28},"end":{"line":401,"column":30}},"95":{"start":{"line":403,"column":8},"end":{"line":403,"column":53}},"96":{"start":{"line":404,"column":28},"end":{"line":404,"column":62}},"97":{"start":{"line":409,"column":31},"end":{"line":409,"column":117}},"98":{"start":{"line":414,"column":25},"end":{"line":414,"column":46}},"99":{"start":{"line":421,"column":8},"end":{"line":435,"column":9}},"100":{"start":{"line":422,"column":12},"end":{"line":422,"column":107}},"101":{"start":{"line":423,"column":12},"end":{"line":427,"column":13}},"102":{"start":{"line":424,"column":16},"end":{"line":424,"column":78}},"103":{"start":{"line":426,"column":16},"end":{"line":426,"column":60}},"104":{"start":{"line":429,"column":12},"end":{"line":429,"column":107}},"105":{"start":{"line":430,"column":12},"end":{"line":434,"column":13}},"106":{"start":{"line":431,"column":16},"end":{"line":431,"column":77}},"107":{"start":{"line":433,"column":16},"end":{"line":433,"column":60}},"108":{"start":{"line":438,"column":8},"end":{"line":438,"column":49}},"109":{"start":{"line":439,"column":8},"end":{"line":439,"column":50}},"110":{"start":{"line":441,"column":8},"end":{"line":444,"column":10}},"111":{"start":{"line":454,"column":4},"end":{"line":468,"column":6}},"112":{"start":{"line":456,"column":8},"end":{"line":456,"column":56}},"113":{"start":{"line":457,"column":8},"end":{"line":457,"column":64}},"114":{"start":{"line":459,"column":8},"end":{"line":467,"column":9}},"115":{"start":{"line":460,"column":25},"end":{"line":460,"column":57}},"116":{"start":{"line":462,"column":12},"end":{"line":464,"column":13}},"117":{"start":{"line":463,"column":16},"end":{"line":463,"column":30}},"118":{"start":{"line":465,"column":12},"end":{"line":465,"column":70}},"119":{"start":{"line":466,"column":12},"end":{"line":466,"column":45}},"120":{"start":{"line":476,"column":4},"end":{"line":484,"column":6}},"121":{"start":{"line":478,"column":8},"end":{"line":478,"column":67}},"122":{"start":{"line":479,"column":8},"end":{"line":482,"column":9}},"123":{"start":{"line":480,"column":12},"end":{"line":480,"column":90}},"124":{"start":{"line":481,"column":12},"end":{"line":481,"column":43}},"125":{"start":{"line":483,"column":8},"end":{"line":483,"column":38}},"126":{"start":{"line":496,"column":4},"end":{"line":553,"column":6}},"127":{"start":{"line":498,"column":25},"end":{"line":498,"column":27}},"128":{"start":{"line":500,"column":8},"end":{"line":547,"column":9}},"129":{"start":{"line":501,"column":23},"end":{"line":501,"column":41}},"130":{"start":{"line":502,"column":23},"end":{"line":502,"column":52}},"131":{"start":{"line":504,"column":12},"end":{"line":504,"column":127}},"132":{"start":{"line":505,"column":12},"end":{"line":505,"column":121}},"133":{"start":{"line":507,"column":12},"end":{"line":512,"column":14}},"134":{"start":{"line":513,"column":15},"end":{"line":547,"column":9}},"135":{"start":{"line":514,"column":31},"end":{"line":514,"column":60}},"136":{"start":{"line":515,"column":31},"end":{"line":515,"column":60}},"137":{"start":{"line":516,"column":35},"end":{"line":516,"column":62}},"138":{"start":{"line":519,"column":36},"end":{"line":521,"column":13}},"139":{"start":{"line":520,"column":16},"end":{"line":520,"column":140}},"140":{"start":{"line":522,"column":37},"end":{"line":524,"column":13}},"141":{"start":{"line":523,"column":16},"end":{"line":523,"column":143}},"142":{"start":{"line":527,"column":28},"end":{"line":527,"column":106}},"143":{"start":{"line":528,"column":29},"end":{"line":528,"column":108}},"144":{"start":{"line":530,"column":12},"end":{"line":535,"column":14}},"145":{"start":{"line":537,"column":12},"end":{"line":546,"column":13}},"146":{"start":{"line":538,"column":16},"end":{"line":543,"column":18}},"147":{"start":{"line":545,"column":16},"end":{"line":545,"column":62}},"148":{"start":{"line":548,"column":8},"end":{"line":548,"column":35}},"149":{"start":{"line":549,"column":8},"end":{"line":549,"column":36}},"150":{"start":{"line":550,"column":8},"end":{"line":550,"column":50}},"151":{"start":{"line":551,"column":8},"end":{"line":551,"column":56}},"152":{"start":{"line":552,"column":8},"end":{"line":552,"column":26}},"153":{"start":{"line":565,"column":4},"end":{"line":578,"column":6}},"154":{"start":{"line":566,"column":29},"end":{"line":566,"column":46}},"155":{"start":{"line":567,"column":8},"end":{"line":569,"column":9}},"156":{"start":{"line":568,"column":12},"end":{"line":568,"column":111}},"157":{"start":{"line":571,"column":8},"end":{"line":575,"column":22}},"158":{"start":{"line":572,"column":12},"end":{"line":574,"column":13}},"159":{"start":{"line":573,"column":16},"end":{"line":573,"column":49}},"160":{"start":{"line":577,"column":8},"end":{"line":577,"column":20}},"161":{"start":{"line":588,"column":4},"end":{"line":593,"column":6}},"162":{"start":{"line":589,"column":20},"end":{"line":589,"column":73}},"163":{"start":{"line":590,"column":8},"end":{"line":592,"column":18}},"164":{"start":{"line":591,"column":12},"end":{"line":591,"column":42}},"165":{"start":{"line":605,"column":4},"end":{"line":605,"column":36}},"166":{"start":{"line":614,"column":4},"end":{"line":657,"column":6}},"167":{"start":{"line":617,"column":21},"end":{"line":619,"column":9}},"168":{"start":{"line":622,"column":19},"end":{"line":622,"column":55}},"169":{"start":{"line":623,"column":18},"end":{"line":623,"column":53}},"170":{"start":{"line":628,"column":8},"end":{"line":637,"column":9}},"171":{"start":{"line":629,"column":12},"end":{"line":629,"column":87}},"172":{"start":{"line":630,"column":12},"end":{"line":630,"column":27}},"173":{"start":{"line":631,"column":12},"end":{"line":631,"column":28}},"174":{"start":{"line":635,"column":12},"end":{"line":635,"column":30}},"175":{"start":{"line":636,"column":12},"end":{"line":636,"column":29}},"176":{"start":{"line":643,"column":8},"end":{"line":643,"column":43}},"177":{"start":{"line":645,"column":8},"end":{"line":645,"column":39}},"178":{"start":{"line":649,"column":8},"end":{"line":649,"column":65}},"179":{"start":{"line":652,"column":8},"end":{"line":654,"column":9}},"180":{"start":{"line":653,"column":12},"end":{"line":653,"column":60}},"181":{"start":{"line":656,"column":8},"end":{"line":656,"column":20}},"182":{"start":{"line":666,"column":4},"end":{"line":693,"column":6}},"183":{"start":{"line":667,"column":24},"end":{"line":667,"column":38}},"184":{"start":{"line":668,"column":28},"end":{"line":668,"column":51}},"185":{"start":{"line":669,"column":29},"end":{"line":669,"column":52}},"186":{"start":{"line":672,"column":8},"end":{"line":690,"column":9}},"187":{"start":{"line":673,"column":28},"end":{"line":673,"column":50}},"188":{"start":{"line":674,"column":25},"end":{"line":674,"column":65}},"189":{"start":{"line":676,"column":31},"end":{"line":685,"column":13}},"190":{"start":{"line":687,"column":23},"end":{"line":687,"column":82}},"191":{"start":{"line":689,"column":12},"end":{"line":689,"column":92}},"192":{"start":{"line":692,"column":8},"end":{"line":692,"column":20}},"193":{"start":{"line":703,"column":4},"end":{"line":743,"column":6}},"194":{"start":{"line":704,"column":20},"end":{"line":704,"column":54}},"195":{"start":{"line":705,"column":21},"end":{"line":705,"column":61}},"196":{"start":{"line":707,"column":20},"end":{"line":736,"column":9}},"197":{"start":{"line":709,"column":27},"end":{"line":709,"column":38}},"198":{"start":{"line":710,"column":16},"end":{"line":712,"column":17}},"199":{"start":{"line":711,"column":20},"end":{"line":711,"column":71}},"200":{"start":{"line":713,"column":16},"end":{"line":713,"column":38}},"201":{"start":{"line":716,"column":27},"end":{"line":716,"column":38}},"202":{"start":{"line":717,"column":16},"end":{"line":719,"column":17}},"203":{"start":{"line":718,"column":20},"end":{"line":718,"column":87}},"204":{"start":{"line":720,"column":16},"end":{"line":720,"column":38}},"205":{"start":{"line":723,"column":26},"end":{"line":723,"column":36}},"206":{"start":{"line":724,"column":16},"end":{"line":726,"column":17}},"207":{"start":{"line":725,"column":20},"end":{"line":725,"column":68}},"208":{"start":{"line":727,"column":16},"end":{"line":727,"column":36}},"209":{"start":{"line":730,"column":26},"end":{"line":730,"column":36}},"210":{"start":{"line":731,"column":16},"end":{"line":733,"column":17}},"211":{"start":{"line":732,"column":20},"end":{"line":732,"column":87}},"212":{"start":{"line":734,"column":16},"end":{"line":734,"column":36}},"213":{"start":{"line":738,"column":8},"end":{"line":740,"column":11}},"214":{"start":{"line":739,"column":12},"end":{"line":739,"column":76}},"215":{"start":{"line":742,"column":8},"end":{"line":742,"column":20}},"216":{"start":{"line":752,"column":4},"end":{"line":771,"column":6}},"217":{"start":{"line":753,"column":22},"end":{"line":753,"column":62}},"218":{"start":{"line":754,"column":24},"end":{"line":754,"column":46}},"219":{"start":{"line":755,"column":16},"end":{"line":755,"column":26}},"220":{"start":{"line":757,"column":8},"end":{"line":759,"column":9}},"221":{"start":{"line":758,"column":12},"end":{"line":758,"column":72}},"222":{"start":{"line":760,"column":8},"end":{"line":762,"column":9}},"223":{"start":{"line":761,"column":12},"end":{"line":761,"column":58}},"224":{"start":{"line":763,"column":8},"end":{"line":765,"column":9}},"225":{"start":{"line":764,"column":12},"end":{"line":764,"column":71}},"226":{"start":{"line":766,"column":8},"end":{"line":768,"column":9}},"227":{"start":{"line":767,"column":12},"end":{"line":767,"column":58}},"228":{"start":{"line":770,"column":8},"end":{"line":770,"column":20}},"229":{"start":{"line":782,"column":4},"end":{"line":840,"column":6}},"230":{"start":{"line":785,"column":8},"end":{"line":788,"column":9}},"231":{"start":{"line":786,"column":12},"end":{"line":786,"column":144}},"232":{"start":{"line":787,"column":12},"end":{"line":787,"column":24}},"233":{"start":{"line":790,"column":8},"end":{"line":793,"column":9}},"234":{"start":{"line":792,"column":12},"end":{"line":792,"column":24}},"235":{"start":{"line":795,"column":24},"end":{"line":795,"column":52}},"236":{"start":{"line":796,"column":32},"end":{"line":796,"column":63}},"237":{"start":{"line":797,"column":24},"end":{"line":797,"column":58}},"238":{"start":{"line":799,"column":24},"end":{"line":799,"column":26}},"239":{"start":{"line":800,"column":8},"end":{"line":807,"column":9}},"240":{"start":{"line":801,"column":12},"end":{"line":804,"column":14}},"241":{"start":{"line":806,"column":12},"end":{"line":806,"column":51}},"242":{"start":{"line":809,"column":8},"end":{"line":838,"column":22}},"243":{"start":{"line":810,"column":12},"end":{"line":812,"column":13}},"244":{"start":{"line":811,"column":16},"end":{"line":811,"column":23}},"245":{"start":{"line":814,"column":12},"end":{"line":814,"column":53}},"246":{"start":{"line":815,"column":12},"end":{"line":815,"column":64}},"247":{"start":{"line":817,"column":32},"end":{"line":817,"column":72}},"248":{"start":{"line":821,"column":20},"end":{"line":821,"column":65}},"249":{"start":{"line":824,"column":12},"end":{"line":837,"column":13}},"250":{"start":{"line":829,"column":16},"end":{"line":829,"column":36}},"251":{"start":{"line":830,"column":16},"end":{"line":830,"column":54}},"252":{"start":{"line":831,"column":16},"end":{"line":833,"column":17}},"253":{"start":{"line":832,"column":20},"end":{"line":832,"column":54}},"254":{"start":{"line":834,"column":16},"end":{"line":834,"column":109}},"255":{"start":{"line":836,"column":16},"end":{"line":836,"column":84}},"256":{"start":{"line":839,"column":8},"end":{"line":839,"column":20}},"257":{"start":{"line":850,"column":4},"end":{"line":867,"column":6}},"258":{"start":{"line":851,"column":21},"end":{"line":851,"column":41}},"259":{"start":{"line":852,"column":22},"end":{"line":852,"column":41}},"260":{"start":{"line":854,"column":8},"end":{"line":865,"column":9}},"261":{"start":{"line":855,"column":12},"end":{"line":855,"column":33}},"262":{"start":{"line":857,"column":13},"end":{"line":865,"column":9}},"263":{"start":{"line":858,"column":12},"end":{"line":858,"column":33}},"264":{"start":{"line":860,"column":13},"end":{"line":865,"column":9}},"265":{"start":{"line":861,"column":12},"end":{"line":861,"column":34}},"266":{"start":{"line":863,"column":13},"end":{"line":865,"column":9}},"267":{"start":{"line":864,"column":12},"end":{"line":864,"column":34}},"268":{"start":{"line":866,"column":8},"end":{"line":866,"column":20}},"269":{"start":{"line":877,"column":4},"end":{"line":943,"column":6}},"270":{"start":{"line":878,"column":21},"end":{"line":878,"column":47}},"271":{"start":{"line":879,"column":26},"end":{"line":879,"column":51}},"272":{"start":{"line":882,"column":8},"end":{"line":884,"column":9}},"273":{"start":{"line":883,"column":12},"end":{"line":883,"column":54}},"274":{"start":{"line":887,"column":8},"end":{"line":889,"column":9}},"275":{"start":{"line":888,"column":12},"end":{"line":888,"column":24}},"276":{"start":{"line":892,"column":8},"end":{"line":895,"column":9}},"277":{"start":{"line":893,"column":12},"end":{"line":893,"column":89}},"278":{"start":{"line":894,"column":12},"end":{"line":894,"column":24}},"279":{"start":{"line":898,"column":8},"end":{"line":901,"column":9}},"280":{"start":{"line":899,"column":12},"end":{"line":899,"column":143}},"281":{"start":{"line":900,"column":12},"end":{"line":900,"column":24}},"282":{"start":{"line":903,"column":26},"end":{"line":903,"column":28}},"283":{"start":{"line":904,"column":26},"end":{"line":904,"column":54}},"284":{"start":{"line":905,"column":26},"end":{"line":905,"column":66}},"285":{"start":{"line":906,"column":26},"end":{"line":906,"column":48}},"286":{"start":{"line":907,"column":26},"end":{"line":907,"column":69}},"287":{"start":{"line":909,"column":26},"end":{"line":909,"column":57}},"288":{"start":{"line":910,"column":26},"end":{"line":910,"column":53}},"289":{"start":{"line":911,"column":26},"end":{"line":911,"column":66}},"290":{"start":{"line":912,"column":26},"end":{"line":912,"column":53}},"291":{"start":{"line":913,"column":26},"end":{"line":913,"column":57}},"292":{"start":{"line":914,"column":26},"end":{"line":914,"column":51}},"293":{"start":{"line":921,"column":8},"end":{"line":923,"column":9}},"294":{"start":{"line":922,"column":12},"end":{"line":922,"column":88}},"295":{"start":{"line":925,"column":8},"end":{"line":927,"column":9}},"296":{"start":{"line":926,"column":12},"end":{"line":926,"column":88}},"297":{"start":{"line":930,"column":21},"end":{"line":930,"column":94}},"298":{"start":{"line":932,"column":24},"end":{"line":932,"column":45}},"299":{"start":{"line":935,"column":8},"end":{"line":935,"column":82}},"300":{"start":{"line":936,"column":8},"end":{"line":936,"column":37}},"301":{"start":{"line":937,"column":8},"end":{"line":937,"column":33}},"302":{"start":{"line":939,"column":8},"end":{"line":939,"column":40}},"303":{"start":{"line":940,"column":8},"end":{"line":940,"column":34}},"304":{"start":{"line":942,"column":8},"end":{"line":942,"column":20}},"305":{"start":{"line":959,"column":23},"end":{"line":959,"column":44}},"306":{"start":{"line":959,"column":60},"end":{"line":959,"column":84}},"307":{"start":{"line":960,"column":8},"end":{"line":960,"column":40}},"308":{"start":{"line":960,"column":41},"end":{"line":960,"column":77}},"309":{"start":{"line":961,"column":38},"end":{"line":961,"column":57}},"310":{"start":{"line":964,"column":21},"end":{"line":964,"column":51}},"311":{"start":{"line":965,"column":16},"end":{"line":965,"column":78}},"312":{"start":{"line":966,"column":16},"end":{"line":966,"column":78}},"313":{"start":{"line":967,"column":21},"end":{"line":967,"column":89}},"314":{"start":{"line":970,"column":8},"end":{"line":970,"column":41}},"315":{"start":{"line":970,"column":42},"end":{"line":970,"column":81}},"316":{"start":{"line":971,"column":8},"end":{"line":971,"column":22}},"317":{"start":{"line":982,"column":19},"end":{"line":982,"column":80}},"318":{"start":{"line":983,"column":8},"end":{"line":985,"column":11}},"319":{"start":{"line":984,"column":12},"end":{"line":984,"column":33}},"320":{"start":{"line":996,"column":22},"end":{"line":996,"column":54}},"321":{"start":{"line":997,"column":8},"end":{"line":997,"column":53}},"322":{"start":{"line":998,"column":8},"end":{"line":998,"column":54}},"323":{"start":{"line":999,"column":8},"end":{"line":999,"column":23}},"324":{"start":{"line":1011,"column":16},"end":{"line":1011,"column":17}},"325":{"start":{"line":1012,"column":8},"end":{"line":1017,"column":9}},"326":{"start":{"line":1013,"column":12},"end":{"line":1015,"column":13}},"327":{"start":{"line":1014,"column":16},"end":{"line":1014,"column":25}},"328":{"start":{"line":1016,"column":12},"end":{"line":1016,"column":16}},"329":{"start":{"line":1018,"column":8},"end":{"line":1018,"column":20}},"330":{"start":{"line":1030,"column":18},"end":{"line":1030,"column":54}},"331":{"start":{"line":1031,"column":8},"end":{"line":1031,"column":29}},"332":{"start":{"line":1044,"column":27},"end":{"line":1044,"column":47}},"333":{"start":{"line":1045,"column":8},"end":{"line":1045,"column":115}},"334":{"start":{"line":1056,"column":21},"end":{"line":1056,"column":39}},"335":{"start":{"line":1058,"column":8},"end":{"line":1060,"column":9}},"336":{"start":{"line":1059,"column":12},"end":{"line":1059,"column":27}},"337":{"start":{"line":1062,"column":8},"end":{"line":1070,"column":9}},"338":{"start":{"line":1065,"column":12},"end":{"line":1069,"column":13}},"339":{"start":{"line":1066,"column":16},"end":{"line":1066,"column":42}},"340":{"start":{"line":1068,"column":16},"end":{"line":1068,"column":53}},"341":{"start":{"line":1073,"column":8},"end":{"line":1082,"column":9}},"342":{"start":{"line":1081,"column":12},"end":{"line":1081,"column":26}},"343":{"start":{"line":1083,"column":8},"end":{"line":1083,"column":51}},"344":{"start":{"line":1095,"column":8},"end":{"line":1097,"column":9}},"345":{"start":{"line":1096,"column":12},"end":{"line":1096,"column":25}},"346":{"start":{"line":1098,"column":8},"end":{"line":1100,"column":9}},"347":{"start":{"line":1099,"column":12},"end":{"line":1099,"column":24}},"348":{"start":{"line":1101,"column":8},"end":{"line":1101,"column":74}},"349":{"start":{"line":1113,"column":12},"end":{"line":1113,"column":70}},"350":{"start":{"line":1115,"column":8},"end":{"line":1122,"column":11}},"351":{"start":{"line":1116,"column":23},"end":{"line":1116,"column":25}},"352":{"start":{"line":1118,"column":12},"end":{"line":1120,"column":13}},"353":{"start":{"line":1119,"column":16},"end":{"line":1119,"column":28}},"354":{"start":{"line":1121,"column":12},"end":{"line":1121,"column":54}},"355":{"start":{"line":1133,"column":22},"end":{"line":1133,"column":24}},"356":{"start":{"line":1134,"column":8},"end":{"line":1134,"column":97}},"357":{"start":{"line":1145,"column":26},"end":{"line":1150,"column":9}},"358":{"start":{"line":1152,"column":8},"end":{"line":1152,"column":65}},"359":{"start":{"line":1153,"column":8},"end":{"line":1153,"column":66}},"360":{"start":{"line":1156,"column":8},"end":{"line":1156,"column":27}},"361":{"start":{"line":1167,"column":19},"end":{"line":1167,"column":50}},"362":{"start":{"line":1170,"column":19},"end":{"line":1170,"column":60}},"363":{"start":{"line":1173,"column":22},"end":{"line":1175,"column":22}},"364":{"start":{"line":1177,"column":8},"end":{"line":1184,"column":10}},"365":{"start":{"line":1196,"column":26},"end":{"line":1196,"column":56}},"366":{"start":{"line":1197,"column":25},"end":{"line":1197,"column":54}},"367":{"start":{"line":1199,"column":8},"end":{"line":1205,"column":9}},"368":{"start":{"line":1200,"column":31},"end":{"line":1200,"column":54}},"369":{"start":{"line":1201,"column":12},"end":{"line":1201,"column":53}},"370":{"start":{"line":1202,"column":12},"end":{"line":1202,"column":56}},"371":{"start":{"line":1203,"column":12},"end":{"line":1203,"column":55}},"372":{"start":{"line":1204,"column":12},"end":{"line":1204,"column":56}},"373":{"start":{"line":1207,"column":19},"end":{"line":1214,"column":9}},"374":{"start":{"line":1215,"column":8},"end":{"line":1215,"column":20}},"375":{"start":{"line":1226,"column":23},"end":{"line":1226,"column":55}},"376":{"start":{"line":1228,"column":8},"end":{"line":1233,"column":9}},"377":{"start":{"line":1228,"column":21},"end":{"line":1228,"column":22}},"378":{"start":{"line":1229,"column":26},"end":{"line":1229,"column":117}},"379":{"start":{"line":1230,"column":12},"end":{"line":1232,"column":13}},"380":{"start":{"line":1231,"column":16},"end":{"line":1231,"column":31}},"381":{"start":{"line":1234,"column":8},"end":{"line":1234,"column":20}},"382":{"start":{"line":1245,"column":4},"end":{"line":1275,"column":5}},"383":{"start":{"line":1246,"column":8},"end":{"line":1274,"column":11}},"384":{"start":{"line":1251,"column":16},"end":{"line":1253,"column":17}},"385":{"start":{"line":1252,"column":20},"end":{"line":1252,"column":83}},"386":{"start":{"line":1255,"column":25},"end":{"line":1255,"column":39}},"387":{"start":{"line":1256,"column":16},"end":{"line":1271,"column":17}},"388":{"start":{"line":1256,"column":29},"end":{"line":1256,"column":30}},"389":{"start":{"line":1257,"column":37},"end":{"line":1257,"column":49}},"390":{"start":{"line":1258,"column":20},"end":{"line":1260,"column":21}},"391":{"start":{"line":1259,"column":24},"end":{"line":1259,"column":33}},"392":{"start":{"line":1261,"column":20},"end":{"line":1261,"column":52}},"393":{"start":{"line":1263,"column":36},"end":{"line":1263,"column":59}},"394":{"start":{"line":1264,"column":20},"end":{"line":1270,"column":21}},"395":{"start":{"line":1264,"column":41},"end":{"line":1264,"column":42}},"396":{"start":{"line":1264,"column":50},"end":{"line":1264,"column":66}},"397":{"start":{"line":1265,"column":38},"end":{"line":1265,"column":58}},"398":{"start":{"line":1266,"column":35},"end":{"line":1266,"column":87}},"399":{"start":{"line":1267,"column":24},"end":{"line":1269,"column":25}},"400":{"start":{"line":1268,"column":28},"end":{"line":1268,"column":62}},"401":{"start":{"line":1272,"column":16},"end":{"line":1272,"column":26}},"402":{"start":{"line":1277,"column":4},"end":{"line":1277,"column":18}}},"fnMap":{"0":{"name":"(anonymous_0)","decl":{"start":{"line":31,"column":2},"end":{"line":31,"column":3}},"loc":{"start":{"line":31,"column":27},"end":{"line":44,"column":1}},"line":31},"1":{"name":"(anonymous_1)","decl":{"start":{"line":44,"column":8},"end":{"line":44,"column":9}},"loc":{"start":{"line":44,"column":20},"end":{"line":1278,"column":1}},"line":44},"2":{"name":"Popper","decl":{"start":{"line":150,"column":13},"end":{"line":150,"column":19}},"loc":{"start":{"line":150,"column":48},"end":{"line":194,"column":5}},"line":150},"3":{"name":"(anonymous_3)","decl":{"start":{"line":170,"column":62},"end":{"line":170,"column":63}},"loc":{"start":{"line":170,"column":80},"end":{"line":182,"column":9}},"line":170},"4":{"name":"(anonymous_4)","decl":{"start":{"line":205,"column":31},"end":{"line":205,"column":32}},"loc":{"start":{"line":205,"column":42},"end":{"line":218,"column":5}},"line":205},"5":{"name":"(anonymous_5)","decl":{"start":{"line":225,"column":30},"end":{"line":225,"column":31}},"loc":{"start":{"line":225,"column":41},"end":{"line":244,"column":5}},"line":225},"6":{"name":"(anonymous_6)","decl":{"start":{"line":252,"column":32},"end":{"line":252,"column":33}},"loc":{"start":{"line":252,"column":51},"end":{"line":256,"column":5}},"line":252},"7":{"name":"(anonymous_7)","decl":{"start":{"line":266,"column":32},"end":{"line":266,"column":33}},"loc":{"start":{"line":266,"column":51},"end":{"line":269,"column":5}},"line":266},"8":{"name":"(anonymous_8)","decl":{"start":{"line":278,"column":29},"end":{"line":278,"column":30}},"loc":{"start":{"line":278,"column":46},"end":{"line":367,"column":5}},"line":278},"9":{"name":"addClassNames","decl":{"start":{"line":346,"column":17},"end":{"line":346,"column":30}},"loc":{"start":{"line":346,"column":52},"end":{"line":350,"column":9}},"line":346},"10":{"name":"(anonymous_10)","decl":{"start":{"line":347,"column":31},"end":{"line":347,"column":32}},"loc":{"start":{"line":347,"column":51},"end":{"line":349,"column":13}},"line":347},"11":{"name":"addAttributes","decl":{"start":{"line":361,"column":17},"end":{"line":361,"column":30}},"loc":{"start":{"line":361,"column":52},"end":{"line":365,"column":9}},"line":361},"12":{"name":"(anonymous_12)","decl":{"start":{"line":362,"column":31},"end":{"line":362,"column":32}},"loc":{"start":{"line":362,"column":51},"end":{"line":364,"column":13}},"line":362},"13":{"name":"(anonymous_13)","decl":{"start":{"line":377,"column":36},"end":{"line":377,"column":37}},"loc":{"start":{"line":377,"column":64},"end":{"line":388,"column":5}},"line":377},"14":{"name":"(anonymous_14)","decl":{"start":{"line":399,"column":35},"end":{"line":399,"column":36}},"loc":{"start":{"line":399,"column":74},"end":{"line":445,"column":5}},"line":399},"15":{"name":"(anonymous_15)","decl":{"start":{"line":454,"column":44},"end":{"line":454,"column":45}},"loc":{"start":{"line":454,"column":55},"end":{"line":468,"column":5}},"line":454},"16":{"name":"(anonymous_16)","decl":{"start":{"line":476,"column":45},"end":{"line":476,"column":46}},"loc":{"start":{"line":476,"column":56},"end":{"line":484,"column":5}},"line":476},"17":{"name":"(anonymous_17)","decl":{"start":{"line":496,"column":38},"end":{"line":496,"column":39}},"loc":{"start":{"line":496,"column":81},"end":{"line":553,"column":5}},"line":496},"18":{"name":"(anonymous_18)","decl":{"start":{"line":519,"column":36},"end":{"line":519,"column":37}},"loc":{"start":{"line":519,"column":55},"end":{"line":521,"column":13}},"line":519},"19":{"name":"(anonymous_19)","decl":{"start":{"line":522,"column":37},"end":{"line":522,"column":38}},"loc":{"start":{"line":522,"column":56},"end":{"line":524,"column":13}},"line":522},"20":{"name":"(anonymous_20)","decl":{"start":{"line":565,"column":36},"end":{"line":565,"column":37}},"loc":{"start":{"line":565,"column":68},"end":{"line":578,"column":5}},"line":565},"21":{"name":"(anonymous_21)","decl":{"start":{"line":571,"column":31},"end":{"line":571,"column":32}},"loc":{"start":{"line":571,"column":50},"end":{"line":575,"column":9}},"line":571},"22":{"name":"(anonymous_22)","decl":{"start":{"line":588,"column":42},"end":{"line":588,"column":43}},"loc":{"start":{"line":588,"column":74},"end":{"line":593,"column":5}},"line":588},"23":{"name":"(anonymous_23)","decl":{"start":{"line":590,"column":64},"end":{"line":590,"column":65}},"loc":{"start":{"line":590,"column":83},"end":{"line":592,"column":9}},"line":590},"24":{"name":"(anonymous_24)","decl":{"start":{"line":614,"column":44},"end":{"line":614,"column":45}},"loc":{"start":{"line":614,"column":59},"end":{"line":657,"column":5}},"line":614},"25":{"name":"(anonymous_25)","decl":{"start":{"line":666,"column":39},"end":{"line":666,"column":40}},"loc":{"start":{"line":666,"column":54},"end":{"line":693,"column":5}},"line":666},"26":{"name":"(anonymous_26)","decl":{"start":{"line":703,"column":49},"end":{"line":703,"column":50}},"loc":{"start":{"line":703,"column":64},"end":{"line":743,"column":5}},"line":703},"27":{"name":"(anonymous_27)","decl":{"start":{"line":708,"column":18},"end":{"line":708,"column":19}},"loc":{"start":{"line":708,"column":29},"end":{"line":714,"column":13}},"line":708},"28":{"name":"(anonymous_28)","decl":{"start":{"line":715,"column":19},"end":{"line":715,"column":20}},"loc":{"start":{"line":715,"column":30},"end":{"line":721,"column":13}},"line":715},"29":{"name":"(anonymous_29)","decl":{"start":{"line":722,"column":17},"end":{"line":722,"column":18}},"loc":{"start":{"line":722,"column":28},"end":{"line":728,"column":13}},"line":722},"30":{"name":"(anonymous_30)","decl":{"start":{"line":729,"column":20},"end":{"line":729,"column":21}},"loc":{"start":{"line":729,"column":31},"end":{"line":735,"column":13}},"line":729},"31":{"name":"(anonymous_31)","decl":{"start":{"line":738,"column":22},"end":{"line":738,"column":23}},"loc":{"start":{"line":738,"column":42},"end":{"line":740,"column":9}},"line":738},"32":{"name":"(anonymous_32)","decl":{"start":{"line":752,"column":46},"end":{"line":752,"column":47}},"loc":{"start":{"line":752,"column":61},"end":{"line":771,"column":5}},"line":752},"33":{"name":"(anonymous_33)","decl":{"start":{"line":782,"column":38},"end":{"line":782,"column":39}},"loc":{"start":{"line":782,"column":53},"end":{"line":840,"column":5}},"line":782},"34":{"name":"(anonymous_34)","decl":{"start":{"line":809,"column":26},"end":{"line":809,"column":27}},"loc":{"start":{"line":809,"column":48},"end":{"line":838,"column":9}},"line":809},"35":{"name":"(anonymous_35)","decl":{"start":{"line":850,"column":40},"end":{"line":850,"column":41}},"loc":{"start":{"line":850,"column":55},"end":{"line":867,"column":5}},"line":850},"36":{"name":"(anonymous_36)","decl":{"start":{"line":877,"column":39},"end":{"line":877,"column":40}},"loc":{"start":{"line":877,"column":54},"end":{"line":943,"column":5}},"line":877},"37":{"name":"getOuterSizes","decl":{"start":{"line":957,"column":13},"end":{"line":957,"column":26}},"loc":{"start":{"line":957,"column":36},"end":{"line":972,"column":5}},"line":957},"38":{"name":"getOppositePlacement","decl":{"start":{"line":981,"column":13},"end":{"line":981,"column":33}},"loc":{"start":{"line":981,"column":45},"end":{"line":986,"column":5}},"line":981},"39":{"name":"(anonymous_39)","decl":{"start":{"line":983,"column":59},"end":{"line":983,"column":60}},"loc":{"start":{"line":983,"column":76},"end":{"line":985,"column":9}},"line":983},"40":{"name":"getPopperClientRect","decl":{"start":{"line":995,"column":13},"end":{"line":995,"column":32}},"loc":{"start":{"line":995,"column":48},"end":{"line":1000,"column":5}},"line":995},"41":{"name":"getArrayKeyIndex","decl":{"start":{"line":1010,"column":13},"end":{"line":1010,"column":29}},"loc":{"start":{"line":1010,"column":46},"end":{"line":1019,"column":5}},"line":1010},"42":{"name":"getStyleComputedProperty","decl":{"start":{"line":1028,"column":13},"end":{"line":1028,"column":37}},"loc":{"start":{"line":1028,"column":57},"end":{"line":1032,"column":5}},"line":1028},"43":{"name":"getOffsetParent","decl":{"start":{"line":1041,"column":13},"end":{"line":1041,"column":28}},"loc":{"start":{"line":1041,"column":38},"end":{"line":1046,"column":5}},"line":1041},"44":{"name":"getScrollParent","decl":{"start":{"line":1055,"column":13},"end":{"line":1055,"column":28}},"loc":{"start":{"line":1055,"column":38},"end":{"line":1084,"column":5}},"line":1055},"45":{"name":"isFixed","decl":{"start":{"line":1094,"column":13},"end":{"line":1094,"column":20}},"loc":{"start":{"line":1094,"column":30},"end":{"line":1102,"column":5}},"line":1094},"46":{"name":"setStyle","decl":{"start":{"line":1111,"column":13},"end":{"line":1111,"column":21}},"loc":{"start":{"line":1111,"column":39},"end":{"line":1123,"column":5}},"line":1111},"47":{"name":"is_numeric","decl":{"start":{"line":1112,"column":17},"end":{"line":1112,"column":27}},"loc":{"start":{"line":1112,"column":31},"end":{"line":1114,"column":9}},"line":1112},"48":{"name":"(anonymous_48)","decl":{"start":{"line":1115,"column":36},"end":{"line":1115,"column":37}},"loc":{"start":{"line":1115,"column":51},"end":{"line":1122,"column":9}},"line":1115},"49":{"name":"isFunction","decl":{"start":{"line":1132,"column":13},"end":{"line":1132,"column":23}},"loc":{"start":{"line":1132,"column":41},"end":{"line":1135,"column":5}},"line":1132},"50":{"name":"getOffsetRect","decl":{"start
[...]
{"loc":{"start":{"line":171,"column":2},"end":{"line":177,"column":3}},"type":"if","locations":[{"start":{"line":171,"column":2},"end":{"line":177,"column":3}},{"start":{"line":171,"column":2},"end":{"line":177,"column":3}}],"line":171},"33":{"loc":{"start":{"line":173,"column":4},"end":{"line":173,"column":26}},"type":"if","locations":[{"start":{"line":173,"column":4},"end":{"line":173,"column":26}},{"start":{"line":173,"column":4},"end":{"line":173,"column":26}}],"line":173},"34":{"loc":{"start":{"line":180,"column":0},"end":{"line":193,"column":1}},"type":"if","locations":[{"start":{"line":180,"column":0},"end":{"line":193,"column":1}},{"start":{"line":180,"column":0},"end":{"line":193,"column":1}}],"line":180},"35":{"loc":{"start":{"line":183,"column":4},"end":{"line":191,"column":5}},"type":"if","locations":[{"start":{"line":183,"column":4},"end":{"line":191,"column":5}},{"start":{"line":183,"column":4},"end":{"line":191,"column":5}}],"line":183},"36":{"loc":{"start":{"line":186,"column":6},"end":{"line":190,"column":7}},"type":"if","locations":[{"start":{"line":186,"column":6},"end":{"line":190,"column":7}},{"start":{"line":186,"column":6},"end":{"line":190,"column":7}}],"line":186},"37":{"loc":{"start":{"line":186,"column":10},"end":{"line":186,"column":49}},"type":"binary-expr","locations":[{"start":{"line":186,"column":10},"end":{"line":186,"column":18}},{"start":{"line":186,"column":22},"end":{"line":186,"column":49}}],"line":186},"38":{"loc":{"start":{"line":187,"column":8},"end":{"line":189,"column":88}},"type":"cond-expr","locations":[{"start":{"line":188,"column":12},"end":{"line":188,"column":34}},{"start":{"line":189,"column":13},"end":{"line":189,"column":87}}],"line":187},"39":{"loc":{"start":{"line":189,"column":13},"end":{"line":189,"column":87}},"type":"cond-expr","locations":[{"start":{"line":189,"column":37},"end":{"line":189,"column":68}},{"start":{"line":189,"column":71},"end":{"line":189,"column":87}}],"line":189}},"s":{"0":1,"1":1,"2":1,"3":0,"4":0,"5":0,"6":0,"7":0,"8":0,"9":0,"10":0,"11":0,"12":0,"13":0,"14":0,"15":0,"16":0,"17":1,"18":1,"19":0,"20":0,"21":0,"22":0,"23":0,"24":0,"25":0,"26":0,"27":0,"28":0,"29":0,"30":0,"31":0,"32":0,"33":0,"34":0,"35":0,"36":0,"37":0,"38":0,"39":0,"40":0,"41":0,"42":0,"43":0,"44":0,"45":0,"46":0,"47":0,"48":0,"49":0,"50":0,"51":0,"52":0,"53":0,"54":0,"55":0,"56":0,"57":0,"58":0,"59":0,"60":0,"61":0,"62":0,"63":0,"64":0,"65":0,"66":0,"67":0,"68":0,"69":0,"70":0,"71":0,"72":0,"73":0,"74":0,"75":0,"76":0,"77":0,"78":0,"79":0,"80":0,"81":0,"82":0,"83":0,"84":0,"85":0,"86":0,"87":0,"88":0,"89":1,"90":0,"91":0,"92":0,"93":0,"94":0,"95":1,"96":0,"97":0,"98":0,"99":0,"100":0,"101":0,"102":0,"103":0,"104":1,"105":1,"106":0,"107":0,"108":0,"109":0},"f":{"0":0,"1":0,"2":0,"3":0,"4":0,"5":0,"6":0,"7":0,"8":0,"9":0,"10":0,"11":0,"12":0,"13":0,"14":0,"15":0,"16":0,"17":0},"b":{"0":[0,0],"1":[0,0],"2":[0,0],"3":[0,0],"4":[0,0],"5":[0,0],"6":[0,0],"7":[0,0],"8":[0,0],"9":[0,0],"10":[0,0],"11":[0,0],"12":[0,0],"13":[0,0],"14":[0,0],"15":[0,0],"16":[0,0],"17":[0,0,0],"18":[0,0],"19":[0,0],"20":[0,0],"21":[0,0],"22":[0,0],"23":[0,0],"24":[0,0],"25":[0,0],"26":[0,0],"27":[0,0],"28":[0,0],"29":[0,0,0],"30":[0,0],"31":[0,0],"32":[0,0],"33":[0,0],"34":[1,0],"35":[0,0],"36":[0,0],"37":[0,0],"38":[0,0],"39":[0,0]},"_coverageSchema":"43e27e138ebf9cfc5966b082cf9a028302ed4184","hash":"7ea6708a9e73f8329fdb86878090d6b36073c2bf"}
,"D:\\zhangxiaoyu\\vuxes\\packages\\theme-default\\gulpfile.js": {"path":"D:\\zhangxiaoyu\\vuxes\\packages\\theme-default\\gulpfile.js","statementMap":{"0":{"start":{"line":2,"column":47},"end":{"line":2,"column":62}},"1":{"start":{"line":3,"column":16},"end":{"line":3,"column":39}},"2":{"start":{"line":4,"column":13},"end":{"line":4,"column":33}},"3":{"start":{"line":5,"column":15},"end":{"line":5,"column":37}},"4":{"start":{"line":6,"column":18},"end":{"line":6,"column":45}},"5":{"start":{"line":7,"column":18},"end":{"line":7,"column":47}},"6":{"start":{"line":9,"column":14},"end":{"line":9,"column":40}},"7":{"start":{"line":11,"column":18},"end":{"line":21,"column":1}},"8":{"start":{"line":24,"column":2},"end":{"line":38,"column":24}},"9":{"start":{"line":42,"column":2},"end":{"line":42,"column":56}},"10":{"start":{"line":46,"column":2},"end":{"line":46,"column":59}},"11":{"start":{"line":50,"column":2},"end":{"line":50,"column":42}},"12":{"start":{"line":53,"column":0},"end":{"line":53,"column":50}},"13":{"start":{"line":54,"column":0},"end":{"line":58,"column":1}}},"fnMap":{"0":{"name":"compileCssToPx","decl":{"start":{"line":23,"column":9},"end":{"line":23,"column":23}},"loc":{"start":{"line":23,"column":31},"end":{"line":39,"column":1}},"line":23},"1":{"name":"copyFont","decl":{"start":{"line":41,"column":9},"end":{"line":41,"column":17}},"loc":{"start":{"line":41,"column":25},"end":{"line":43,"column":1}},"line":41},"2":{"name":"watchCss","decl":{"start":{"line":45,"column":9},"end":{"line":45,"column":17}},"loc":{"start":{"line":45,"column":25},"end":{"line":47,"column":1}},"line":45},"3":{"name":"watchFonts","decl":{"start":{"line":49,"column":9},"end":{"line":49,"column":19}},"loc":{"start":{"line":49,"column":27},"end":{"line":51,"column":1}},"line":49}},"branchMap":{},"s":{"0":0,"1":0,"2":0,"3":0,"4":0,"5":0,"6":0,"7":0,"8":0,"9":0,"10":0,"11":0,"12":0,"13":0},"f":{"0":0,"1":0,"2":0,"3":0},"b":{},"hash":"e5a598e61334294f8e532bdd68631a30672dcc48"}
,"D:\\zhangxiaoyu\\vuxes\\packages\\utils\\create-basic.js": {"path":"D:\\zhangxiaoyu\\vuxes\\packages\\utils\\create-basic.js","statementMap":{"0":{"start":{"line":9,"column":19},"end":{"line":9,"column":23}},"1":{"start":{"line":10,"column":2},"end":{"line":10,"column":27}},"2":{"start":{"line":11,"column":2},"end":{"line":11,"column":43}},"3":{"start":{"line":15,"column":2},"end":{"line":15,"column":11}},"4":{"start":{"line":20,"column":2},"end":{"line":32,"column":4}},"5":{"start":{"line":21,"column":4},"end":{"line":31,"column":5}},"6":{"start":{"line":22,"column":6},"end":{"line":25,"column":7}},"7":{"start":{"line":26,"column":11},"end":{"line":31,"column":5}},"8":{"start":{"line":27,"column":6},"end":{"line":30,"column":7}},"9":{"start":{"line":36,"column":2},"end":{"line":36,"column":28}},"10":{"start":{"line":37,"column":2},"end":{"line":37,"column":38}},"11":{"start":{"line":38,"column":2},"end":{"line":38,"column":31}},"12":{"start":{"line":39,"column":2},"end":{"line":39,"column":22}},"13":{"start":{"line":40,"column":2},"end":{"line":40,"column":33}},"14":{"start":{"line":41,"column":2},"end":{"line":41,"column":27}},"15":{"start":{"line":42,"column":2},"end":{"line":42,"column":38}},"16":{"start":{"line":43,"column":2},"end":{"line":43,"column":12}}},"fnMap":{"0":{"name":"install","decl":{"start":{"line":8,"column":9},"end":{"line":8,"column":16}},"loc":{"start":{"line":8,"column":23},"end":{"line":12,"column":1}},"line":8},"1":{"name":"returnArray","decl":{"start":{"line":14,"column":9},"end":{"line":14,"column":20}},"loc":{"start":{"line":14,"column":24},"end":{"line":16,"column":1}},"line":14},"2":{"name":"defaultProps","decl":{"start":{"line":19,"column":9},"end":{"line":19,"column":21}},"loc":{"start":{"line":19,"column":30},"end":{"line":33,"column":1}},"line":19},"3":{"name":"(anonymous_3)","decl":{"start":{"line":20,"column":29},"end":{"line":20,"column":30}},"loc":{"start":{"line":20,"column":36},"end":{"line":32,"column":3}},"line":20},"4":{"name":"(anonymous_4)","decl":{"start":{"line":35,"column":15},"end":{"line":35,"column":16}},"loc":{"start":{"line":35,"column":30},"end":{"line":44,"column":1}},"line":35}},"branchMap":{"0":{"loc":{"start":{"line":21,"column":4},"end":{"line":31,"column":5}},"type":"if","locations":[{"start":{"line":21,"column":4},"end":{"line":31,"column":5}},{"start":{"line":21,"column":4},"end":{"line":31,"column":5}}],"line":21},"1":{"loc":{"start":{"line":26,"column":11},"end":{"line":31,"column":5}},"type":"if","locations":[{"start":{"line":26,"column":11},"end":{"line":31,"column":5}},{"start":{"line":26,"column":11},"end":{"line":31,"column":5}}],"line":26},"2":{"loc":{"start":{"line":37,"column":16},"end":{"line":37,"column":38}},"type":"binary-expr","locations":[{"start":{"line":37,"column":16},"end":{"line":37,"column":27}},{"start":{"line":37,"column":31},"end":{"line":37,"column":38}}],"line":37},"3":{"loc":{"start":{"line":38,"column":15},"end":{"line":38,"column":31}},"type":"binary-expr","locations":[{"start":{"line":38,"column":15},"end":{"line":38,"column":25}},{"start":{"line":38,"column":29},"end":{"line":38,"column":31}}],"line":38},"4":{"loc":{"start":{"line":40,"column":16},"end":{"line":40,"column":33}},"type":"binary-expr","locations":[{"start":{"line":40,"column":16},"end":{"line":40,"column":27}},{"start":{"line":40,"column":31},"end":{"line":40,"column":33}}],"line":40},"5":{"loc":{"start":{"line":42,"column":2},"end":{"line":42,"column":38}},"type":"binary-expr","locations":[{"start":{"line":42,"column":2},"end":{"line":42,"column":11}},{"start":{"line":42,"column":15},"end":{"line":42,"column":38}}],"line":42}},"s":{"0":2,"1":2,"2":2,"3":0,"4":2,"5":15,"6":0,"7":15,"8":0,"9":2,"10":2,"11":2,"12":2,"13":2,"14":2,"15":2,"16":2},"f":{"0":2,"1":0,"2":2,"3":15,"4":2},"b":{"0":[0,15],"1":[0,15],"2":[2,2],"3":[2,1],"4":[2,1],"5":[2,2]},"_coverageSchema":"43e27e138ebf9cfc5966b082cf9a028302ed4184","hash":"ba83095e599a31376211bdc10c28476009090d7b"}
,"D:\\zhangxiaoyu\\vuxes\\packages\\utils\\dom.js": {"path":"D:\\zhangxiaoyu\\vuxes\\packages\\utils\\dom.js","statementMap":{"0":{"start":{"line":6,"column":17},"end":{"line":6,"column":40}},"1":{"start":{"line":7,"column":29},"end":{"line":7,"column":46}},"2":{"start":{"line":8,"column":24},"end":{"line":8,"column":37}},"3":{"start":{"line":9,"column":18},"end":{"line":9,"column":62}},"4":{"start":{"line":177,"column":24},"end":{"line":188,"column":1}},"5":{"start":{"line":178,"column":2},"end":{"line":178,"column":23}},"6":{"start":{"line":178,"column":16},"end":{"line":178,"column":23}},"7":{"start":{"line":180,"column":30},"end":{"line":180,"column":73}},"8":{"start":{"line":181,"column":19},"end":{"line":185,"column":30}},"9":{"start":{"line":187,"column":2},"end":{"line":187,"column":41}},"10":{"start":{"line":190,"column":34},"end":{"line":205,"column":1}},"11":{"start":{"line":191,"column":2},"end":{"line":191,"column":23}},"12":{"start":{"line":191,"column":16},"end":{"line":191,"column":23}},"13":{"start":{"line":193,"column":15},"end":{"line":193,"column":17}},"14":{"start":{"line":194,"column":2},"end":{"line":202,"column":3}},"15":{"start":{"line":195,"column":4},"end":{"line":197,"column":5}},"16":{"start":{"line":196,"column":6},"end":{"line":196,"column":20}},"17":{"start":{"line":198,"column":4},"end":{"line":200,"column":5}},"18":{"start":{"line":199,"column":6},"end":{"line":199,"column":20}},"19":{"start":{"line":201,"column":4},"end":{"line":201,"column":31}},"20":{"start":{"line":204,"column":2},"end":{"line":204,"column":16}},"21":{"start":{"line":207,"column":29},"end":{"line":228,"column":1}},"22":{"start":{"line":208,"column":2},"end":{"line":208,"column":50}},"23":{"start":{"line":208,"column":37},"end":{"line":208,"column":50}},"24":{"start":{"line":210,"column":17},"end":{"line":210,"column":43}},"25":{"start":{"line":213,"column":2},"end":{"line":222,"column":3}},"26":{"start":{"line":214,"column":4},"end":{"line":219,"column":6}},"27":{"start":{"line":221,"column":4},"end":{"line":221,"column":54}},"28":{"start":{"line":224,"column":2},"end":{"line":227,"column":38}}},"fnMap":{"0":{"name":"(anonymous_0)","decl":{"start":{"line":177,"column":24},"end":{"line":177,"column":25}},"loc":{"start":{"line":177,"column":42},"end":{"line":188,"column":1}},"line":177},"1":{"name":"(anonymous_1)","decl":{"start":{"line":190,"column":34},"end":{"line":190,"column":35}},"loc":{"start":{"line":190,"column":52},"end":{"line":205,"column":1}},"line":190},"2":{"name":"(anonymous_2)","decl":{"start":{"line":207,"column":29},"end":{"line":207,"column":30}},"loc":{"start":{"line":207,"column":48},"end":{"line":228,"column":1}},"line":207}},"branchMap":{"0":{"loc":{"start":{"line":9,"column":18},"end":{"line":9,"column":62}},"type":"cond-expr","locations":[{"start":{"line":9,"column":29},"end":{"line":9,"column":30}},{"start":{"line":9,"column":33},"end":{"line":9,"column":62}}],"line":9},"1":{"loc":{"start":{"line":178,"column":2},"end":{"line":178,"column":23}},"type":"if","locations":[{"start":{"line":178,"column":2},"end":{"line":178,"column":23}},{"start":{"line":178,"column":2},"end":{"line":178,"column":23}}],"line":178},"2":{"loc":{"start":{"line":180,"column":30},"end":{"line":180,"column":73}},"type":"binary-expr","locations":[{"start":{"line":180,"column":30},"end":{"line":180,"column":47}},{"start":{"line":180,"column":51},"end":{"line":180,"column":73}}],"line":180},"3":{"loc":{"start":{"line":181,"column":19},"end":{"line":185,"column":30}},"type":"cond-expr","locations":[{"start":{"line":182,"column":6},"end":{"line":184,"column":34}},{"start":{"line":185,"column":6},"end":{"line":185,"column":30}}],"line":181},"4":{"loc":{"start":{"line":182,"column":6},"end":{"line":184,"column":34}},"type":"cond-expr","locations":[{"start":{"line":183,"column":8},"end":{"line":183,"column":34}},{"start":{"line":184,"column":8},"end":{"line":184,"column":34}}],"line":182},"5":{"loc":{"start":{"line":191,"column":2},"end":{"line":191,"column":23}},"type":"if","locations":[{"start":{"line":191,"column":2},"end":{"line":191,"column":23}},{"start":{"line":191,"column":2},"end":{"line":191,"column":23}}],"line":191},"6":{"loc":{"start":{"line":195,"column":4},"end":{"line":197,"column":5}},"type":"if","locations":[{"start":{"line":195,"column":4},"end":{"line":197,"column":5}},{"start":{"line":195,"column":4},"end":{"line":197,"column":5}}],"line":195},"7":{"loc":{"start":{"line":198,"column":4},"end":{"line":200,"column":5}},"type":"if","locations":[{"start":{"line":198,"column":4},"end":{"line":200,"column":5}},{"start":{"line":198,"column":4},"end":{"line":200,"column":5}}],"line":198},"8":{"loc":{"start":{"line":208,"column":2},"end":{"line":208,"column":50}},"type":"if","locations":[{"start":{"line":208,"column":2},"end":{"line":208,"column":50}},{"start":{"line":208,"column":2},"end":{"line":208,"column":50}}],"line":208},"9":{"loc":{"start":{"line":208,"column":6},"end":{"line":208,"column":35}},"type":"binary-expr","locations":[{"start":{"line":208,"column":6},"end":{"line":208,"column":14}},{"start":{"line":208,"column":18},"end":{"line":208,"column":21}},{"start":{"line":208,"column":25},"end":{"line":208,"column":35}}],"line":208},"10":{"loc":{"start":{"line":213,"column":2},"end":{"line":222,"column":3}},"type":"if","locations":[{"start":{"line":213,"column":2},"end":{"line":222,"column":3}},{"start":{"line":213,"column":2},"end":{"line":222,"column":3}}],"line":213},"11":{"loc":{"start":{"line":224,"column":9},"end":{"line":227,"column":37}},"type":"binary-expr","locations":[{"start":{"line":224,"column":9},"end":{"line":224,"column":42}},{"start":{"line":225,"column":4},"end":{"line":225,"column":37}},{"start":{"line":226,"column":4},"end":{"line":226,"column":37}},{"start":{"line":227,"column":4},"end":{"line":227,"column":37}}],"line":224}},"s":{"0":1,"1":1,"2":1,"3":1,"4":1,"5":0,"6":0,"7":0,"8":0,"9":0,"10":1,"11":0,"12":0,"13":0,"14":0,"15":0,"16":0,"17":0,"18":0,"19":0,"20":0,"21":1,"22":0,"23":0,"24":0,"25":0,"26":0,"27":0,"28":0},"f":{"0":0,"1":0,"2":0},"b":{"0":[0,1],"1":[0,0],"2":[0,0],"3":[0,0],"4":[0,0],"5":[0,0],"6":[0,0],"7":[0,0],"8":[0,0],"9":[0,0,0],"10":[0,0],"11":[0,0,0,0]},"_coverageSchema":"43e27e138ebf9cfc5966b082cf9a028302ed4184","hash":"0591084d1d75bf2cccc16ee51f47b0bf81fd64bc"}
,"D:\\zhangxiaoyu\\vuxes\\packages\\utils\\helper.js": {"path":"D:\\zhangxiaoyu\\vuxes\\packages\\utils\\helper.js","statementMap":{"0":{"start":{"line":9,"column":2},"end":{"line":13,"column":3}},"1":{"start":{"line":9,"column":15},"end":{"line":9,"column":16}},"2":{"start":{"line":10,"column":4},"end":{"line":12,"column":5}},"3":{"start":{"line":11,"column":6},"end":{"line":11,"column":17}},"4":{"start":{"line":14,"column":2},"end":{"line":14,"column":14}},"5":{"start":{"line":24,"column":21},"end":{"line":24,"column":29}},"6":{"start":{"line":25,"column":2},"end":{"line":25,"column":59}},"7":{"start":{"line":25,"column":43},"end":{"line":25,"column":58}},"8":{"start":{"line":35,"column":2},"end":{"line":35,"column":46}},"9":{"start":{"line":42,"column":26},"end":{"line":44,"column":1}},"10":{"start":{"line":43,"column":2},"end":{"line":43,"column":42}},"11":{"start":{"line":51,"column":21},"end":{"line":66,"column":1}},"12":{"start":{"line":52,"column":2},"end":{"line":63,"column":3}},"13":{"start":{"line":52,"column":15},"end":{"line":52,"column":16}},"14":{"start":{"line":52,"column":22},"end":{"line":52,"column":38}},"15":{"start":{"line":53,"column":19},"end":{"line":53,"column":37}},"16":{"start":{"line":54,"column":4},"end":{"line":62,"column":5}},"17":{"start":{"line":56,"column":6},"end":{"line":61,"column":7}},"18":{"start":{"line":57,"column":22},"end":{"line":57,"column":34}},"19":{"start":{"line":58,"column":8},"end":{"line":60,"column":9}},"20":{"start":{"line":59,"column":10},"end":{"line":59,"column":30}},"21":{"start":{"line":65,"column":2},"end":{"line":65,"column":15}}},"fnMap":{"0":{"name":"oneOf","decl":{"start":{"line":8,"column":16},"end":{"line":8,"column":21}},"loc":{"start":{"line":8,"column":41},"end":{"line":15,"column":1}},"line":8},"1":{"name":"camelize","decl":{"start":{"line":23,"column":16},"end":{"line":23,"column":24}},"loc":{"start":{"line":23,"column":31},"end":{"line":26,"column":1}},"line":23},"2":{"name":"(anonymous_2)","decl":{"start":{"line":25,"column":33},"end":{"line":25,"column":34}},"loc":{"start":{"line":25,"column":43},"end":{"line":25,"column":58}},"line":25},"3":{"name":"isDef","decl":{"start":{"line":34,"column":16},"end":{"line":34,"column":21}},"loc":{"start":{"line":34,"column":30},"end":{"line":36,"column":1}},"line":34},"4":{"name":"(anonymous_4)","decl":{"start":{"line":42,"column":26},"end":{"line":42,"column":27}},"loc":{"start":{"line":42,"column":38},"end":{"line":44,"column":1}},"line":42},"5":{"name":"(anonymous_5)","decl":{"start":{"line":51,"column":21},"end":{"line":51,"column":22}},"loc":{"start":{"line":51,"column":39},"end":{"line":66,"column":1}},"line":51}},"branchMap":{"0":{"loc":{"start":{"line":10,"column":4},"end":{"line":12,"column":5}},"type":"if","locations":[{"start":{"line":10,"column":4},"end":{"line":12,"column":5}},{"start":{"line":10,"column":4},"end":{"line":12,"column":5}}],"line":10},"1":{"loc":{"start":{"line":35,"column":9},"end":{"line":35,"column":46}},"type":"binary-expr","locations":[{"start":{"line":35,"column":9},"end":{"line":35,"column":28}},{"start":{"line":35,"column":32},"end":{"line":35,"column":46}}],"line":35},"2":{"loc":{"start":{"line":53,"column":19},"end":{"line":53,"column":37}},"type":"binary-expr","locations":[{"start":{"line":53,"column":19},"end":{"line":53,"column":31}},{"start":{"line":53,"column":35},"end":{"line":53,"column":37}}],"line":53},"3":{"loc":{"start":{"line":56,"column":6},"end":{"line":61,"column":7}},"type":"if","locations":[{"start":{"line":56,"column":6},"end":{"line":61,"column":7}},{"start":{"line":56,"column":6},"end":{"line":61,"column":7}}],"line":56},"4":{"loc":{"start":{"line":58,"column":8},"end":{"line":60,"column":9}},"type":"if","locations":[{"start":{"line":58,"column":8},"end":{"line":60,"column":9}},{"start":{"line":58,"column":8},"end":{"line":60,"column":9}}],"line":58}},"s":{"0":0,"1":0,"2":0,"3":0,"4":0,"5":2,"6":2,"7":4,"8":0,"9":1,"10":0,"11":1,"12":0,"13":0,"14":0,"15":0,"16":0,"17":0,"18":0,"19":0,"20":0,"21":0},"f":{"0":0,"1":2,"2":4,"3":0,"4":0,"5":0},"b":{"0":[0,0],"1":[0,0],"2":[0,0],"3":[0,0],"4":[0,0]},"_coverageSchema":"43e27e138ebf9cfc5966b082cf9a028302ed4184","hash":"952d2c07b72e2dcb467e90ac54eba3516933c429"}
}
