TN:
SF:D:\zhangxiaoyu\vuxes\packages\index.js
FN:10,(anonymous_0)
FN:11,(anonymous_1)
FNF:2
FNH:2
FNDA:1,(anonymous_0)
FNDA:2,(anonymous_1)
DA:5,1
DA:6,1
DA:10,1
DA:11,1
DA:12,2
DA:16,1
LF:6
LH:6
BRDA:16,0,0,1
BRDA:16,1,0,1
BRDA:16,1,1,1
BRF:3
BRH:3
end_of_record
TN:
SF:D:\zhangxiaoyu\vuxes\packages\button\button.vue
FN:17,(anonymous_1)
FNF:1
FNH:0
FNDA:0,(anonymous_1)
DA:10,1
DA:11,1
DA:18,0
LF:3
LH:2
BRF:0
BRH:0
end_of_record
TN:
SF:D:\zhangxiaoyu\vuxes\packages\button\index.js
FNF:0
FNH:0
LF:0
LH:0
BRF:0
BRH:0
end_of_record
TN:
SF:D:\zhangxiaoyu\vuxes\packages\mixins\bem.js
FN:13,(anonymous_0)
FN:15,(anonymous_1)
FN:21,(anonymous_2)
FN:25,(anonymous_3)
FN:33,(anonymous_4)
FNF:5
FNH:0
FNDA:0,(anonymous_0)
FNDA:0,(anonymous_1)
FNDA:0,(anonymous_2)
FNDA:0,(anonymous_3)
FNDA:0,(anonymous_4)
DA:10,1
DA:11,1
DA:13,1
DA:15,1
DA:16,0
DA:17,0
DA:20,0
DA:21,0
DA:24,0
DA:25,0
DA:26,0
DA:28,0
DA:34,0
DA:36,0
DA:37,0
DA:38,0
DA:40,0
DA:42,0
LF:18
LH:4
BRDA:13,0,0,0
BRDA:13,0,1,0
BRDA:16,1,0,0
BRDA:16,1,1,0
BRDA:20,2,0,0
BRDA:20,2,1,0
BRDA:25,3,0,0
BRDA:25,3,1,0
BRDA:36,4,0,0
BRDA:36,4,1,0
BRDA:36,5,0,0
BRDA:36,5,1,0
BRDA:42,6,0,0
BRDA:42,6,1,0
BRF:14
BRH:0
end_of_record
TN:
SF:D:\zhangxiaoyu\vuxes\packages\popover\index.js
FNF:0
FNH:0
LF:0
LH:0
BRF:0
BRH:0
end_of_record
TN:
SF:D:\zhangxiaoyu\vuxes\packages\popover\popover.vue
FN:44,(anonymous_1)
FN:54,(anonymous_2)
FN:76,(anonymous_3)
FN:83,(anonymous_4)
FN:86,(anonymous_5)
FN:91,(anonymous_6)
FN:94,(anonymous_7)
FN:97,(anonymous_8)
FN:100,(anonymous_9)
FN:104,(anonymous_10)
FN:108,(anonymous_11)
FN:111,(anonymous_12)
FN:116,(anonymous_13)
FN:137,(anonymous_14)
FN:140,(anonymous_15)
FN:147,(anonymous_16)
FN:150,(anonymous_17)
FN:157,(anonymous_18)
FN:167,(anonymous_19)
FN:172,(anonymous_20)
FN:180,(anonymous_21)
FN:198,(anonymous_22)
FN:236,(anonymous_23)
FN:240,(anonymous_24)
FNF:24
FNH:0
FNDA:0,(anonymous_1)
FNDA:0,(anonymous_2)
FNDA:0,(anonymous_3)
FNDA:0,(anonymous_4)
FNDA:0,(anonymous_5)
FNDA:0,(anonymous_6)
FNDA:0,(anonymous_7)
FNDA:0,(anonymous_8)
FNDA:0,(anonymous_9)
FNDA:0,(anonymous_10)
FNDA:0,(anonymous_11)
FNDA:0,(anonymous_12)
FNDA:0,(anonymous_13)
FNDA:0,(anonymous_14)
FNDA:0,(anonymous_15)
FNDA:0,(anonymous_16)
FNDA:0,(anonymous_17)
FNDA:0,(anonymous_18)
FNDA:0,(anonymous_19)
FNDA:0,(anonymous_20)
FNDA:0,(anonymous_21)
FNDA:0,(anonymous_22)
FNDA:0,(anonymous_23)
FNDA:0,(anonymous_24)
DA:26,1
DA:27,1
DA:28,1
DA:29,1
DA:45,0
DA:54,0
DA:77,0
DA:84,0
DA:87,0
DA:92,0
DA:95,0
DA:98,0
DA:101,0
DA:102,0
DA:105,0
DA:106,0
DA:109,0
DA:112,0
DA:113,0
DA:117,0
DA:118,0
DA:120,0
DA:121,0
DA:122,0
DA:123,0
DA:129,0
DA:135,0
DA:138,0
DA:139,0
DA:140,0
DA:141,0
DA:144,0
DA:148,0
DA:149,0
DA:150,0
DA:151,0
DA:154,0
DA:158,0
DA:159,0
DA:168,0
DA:173,0
DA:174,0
DA:176,0
DA:181,0
DA:182,0
DA:184,0
DA:185,0
DA:186,0
DA:187,0
DA:191,0
DA:192,0
DA:193,0
DA:194,0
DA:195,0
DA:197,0
DA:198,0
DA:199,0
DA:202,0
DA:203,0
DA:204,0
DA:207,0
DA:208,0
DA:209,0
DA:211,0
DA:212,0
DA:214,0
DA:215,0
DA:216,0
DA:217,0
DA:218,0
DA:219,0
DA:220,0
DA:221,0
DA:222,0
DA:223,0
DA:224,0
DA:226,0
DA:227,0
DA:228,0
DA:230,0
DA:231,0
DA:237,0
DA:241,0
DA:243,0
DA:244,0
DA:245,0
DA:246,0
DA:247,0
DA:248,0
DA:249,0
DA:250,0
DA:251,0
DA:252,0
LF:93
LH:4
BRDA:45,0,0,0
BRDA:45,0,1,0
BRDA:102,1,0,0
BRDA:102,1,1,0
BRDA:106,2,0,0
BRDA:106,2,1,0
BRDA:112,3,0,0
BRDA:112,3,1,0
BRDA:112,4,0,0
BRDA:112,4,1,0
BRDA:117,5,0,0
BRDA:117,5,1,0
BRDA:118,6,0,0
BRDA:118,6,1,0
BRDA:120,7,0,0
BRDA:120,7,1,0
BRDA:122,8,0,0
BRDA:122,8,1,0
BRDA:122,9,0,0
BRDA:122,9,1,0
BRDA:129,10,0,0
BRDA:129,10,1,0
BRDA:129,11,0,0
BRDA:129,11,1,0
BRDA:129,11,2,0
BRDA:129,11,3,0
BRDA:129,11,4,0
BRDA:129,11,5,0
BRDA:139,12,0,0
BRDA:139,12,1,0
BRDA:149,13,0,0
BRDA:149,13,1,0
BRDA:158,14,0,0
BRDA:158,14,1,0
BRDA:158,15,0,0
BRDA:158,15,1,0
BRDA:173,16,0,0
BRDA:173,16,1,0
BRDA:176,17,0,0
BRDA:176,17,1,0
BRDA:181,18,0,0
BRDA:181,18,1,0
BRDA:182,19,0,0
BRDA:182,19,1,0
BRDA:184,20,0,0
BRDA:184,20,1,0
BRDA:186,21,0,0
BRDA:186,21,1,0
BRDA:186,22,0,0
BRDA:186,22,1,0
BRDA:191,23,0,0
BRDA:191,23,1,0
BRDA:197,24,0,0
BRDA:197,24,1,0
BRDA:203,25,0,0
BRDA:203,25,1,0
BRDA:203,26,0,0
BRDA:203,26,1,0
BRDA:214,27,0,0
BRDA:214,27,1,0
BRDA:217,28,0,0
BRDA:217,28,1,0
BRDA:222,29,0,0
BRDA:222,29,1,0
BRDA:223,30,0,0
BRDA:223,30,1,0
BRDA:226,31,0,0
BRDA:226,31,1,0
BRF:68
BRH:0
end_of_record
TN:
SF:D:\zhangxiaoyu\vuxes\packages\popover\utils\popper-mixin.js
FN:4,(anonymous_0)
FN:6,(anonymous_1)
FN:9,(anonymous_2)
FN:26,(anonymous_3)
FN:30,(anonymous_4)
FN:53,(anonymous_5)
FN:61,(anonymous_6)
FN:70,(anonymous_7)
FN:82,(anonymous_8)
FN:107,(anonymous_9)
FN:118,(anonymous_10)
FN:133,(anonymous_11)
FN:154,(anonymous_12)
FNF:13
FNH:0
FNDA:0,(anonymous_0)
FNDA:0,(anonymous_1)
FNDA:0,(anonymous_2)
FNDA:0,(anonymous_3)
FNDA:0,(anonymous_4)
FNDA:0,(anonymous_5)
FNDA:0,(anonymous_6)
FNDA:0,(anonymous_7)
FNDA:0,(anonymous_8)
FNDA:0,(anonymous_9)
FNDA:0,(anonymous_10)
FNDA:0,(anonymous_11)
FNDA:0,(anonymous_12)
DA:4,1
DA:6,1
DA:10,0
DA:26,0
DA:31,0
DA:54,0
DA:55,0
DA:56,0
DA:62,0
DA:63,0
DA:64,0
DA:71,0
DA:72,0
DA:73,0
DA:74,0
DA:75,0
DA:78,0
DA:83,0
DA:84,0
DA:86,0
DA:87,0
DA:88,0
DA:90,0
DA:91,0
DA:92,0
DA:93,0
DA:97,0
DA:98,0
DA:100,0
DA:101,0
DA:103,0
DA:104,0
DA:105,0
DA:106,0
DA:107,0
DA:108,0
DA:109,0
DA:110,0
DA:112,0
DA:114,0
DA:115,0
DA:119,0
DA:120,0
DA:126,0
DA:127,0
DA:128,0
DA:134,0
DA:136,0
DA:139,0
DA:140,0
DA:141,0
DA:142,0
DA:146,0
DA:148,0
DA:149,0
DA:150,0
DA:151,0
LF:57
LH:2
BRDA:4,0,0,0
BRDA:4,0,1,1
BRDA:62,1,0,0
BRDA:62,1,1,0
BRDA:63,2,0,0
BRDA:63,2,1,0
BRDA:72,3,0,0
BRDA:72,3,1,0
BRDA:74,4,0,0
BRDA:74,4,1,0
BRDA:83,5,0,0
BRDA:83,5,1,0
BRDA:84,6,0,0
BRDA:84,6,1,0
BRDA:87,7,0,0
BRDA:87,7,1,0
BRDA:87,7,2,0
BRDA:88,8,0,0
BRDA:88,8,1,0
BRDA:88,8,2,0
BRDA:90,9,0,0
BRDA:90,9,1,0
BRDA:92,10,0,0
BRDA:92,10,1,0
BRDA:92,11,0,0
BRDA:92,11,1,0
BRDA:97,12,0,0
BRDA:97,12,1,0
BRDA:97,13,0,0
BRDA:97,13,1,0
BRDA:98,14,0,0
BRDA:98,14,1,0
BRDA:100,15,0,0
BRDA:100,15,1,0
BRDA:101,16,0,0
BRDA:101,16,1,0
BRDA:101,17,0,0
BRDA:101,17,1,0
BRDA:112,18,0,0
BRDA:112,18,1,0
BRDA:119,19,0,0
BRDA:119,19,1,0
BRDA:128,20,0,0
BRDA:128,20,1,0
BRDA:130,21,0,0
BRDA:130,21,1,0
BRDA:134,22,0,0
BRDA:134,22,1,0
BRDA:140,23,0,0
BRDA:140,23,1,0
BRDA:148,24,0,0
BRDA:148,24,1,0
BRF:52
BRH:1
end_of_record
TN:
SF:D:\zhangxiaoyu\vuxes\packages\popover\utils\popper.js
FN:31,(anonymous_0)
FN:44,(anonymous_1)
FN:150,Popper
FN:170,(anonymous_3)
FN:205,(anonymous_4)
FN:225,(anonymous_5)
FN:252,(anonymous_6)
FN:266,(anonymous_7)
FN:278,(anonymous_8)
FN:346,addClassNames
FN:347,(anonymous_10)
FN:361,addAttributes
FN:362,(anonymous_12)
FN:377,(anonymous_13)
FN:399,(anonymous_14)
FN:454,(anonymous_15)
FN:476,(anonymous_16)
FN:496,(anonymous_17)
FN:519,(anonymous_18)
FN:522,(anonymous_19)
FN:565,(anonymous_20)
FN:571,(anonymous_21)
FN:588,(anonymous_22)
FN:590,(anonymous_23)
FN:614,(anonymous_24)
FN:666,(anonymous_25)
FN:703,(anonymous_26)
FN:708,(anonymous_27)
FN:715,(anonymous_28)
FN:722,(anonymous_29)
FN:729,(anonymous_30)
FN:738,(anonymous_31)
FN:752,(anonymous_32)
FN:782,(anonymous_33)
FN:809,(anonymous_34)
FN:850,(anonymous_35)
FN:877,(anonymous_36)
FN:957,getOuterSizes
FN:981,getOppositePlacement
FN:983,(anonymous_39)
FN:995,getPopperClientRect
FN:1010,getArrayKeyIndex
FN:1028,getStyleComputedProperty
FN:1041,getOffsetParent
FN:1055,getScrollParent
FN:1094,isFixed
FN:1111,setStyle
FN:1112,is_numeric
FN:1115,(anonymous_48)
FN:1132,isFunction
FN:1144,getOffsetRect
FN:1166,getBoundingClientRect
FN:1195,getOffsetRectRelativeToCustomParent
FN:1225,getSupportedPropertyName
FN:1250,(anonymous_54)
FNF:55
FNH:2
FNDA:1,(anonymous_0)
FNDA:1,(anonymous_1)
FNDA:0,Popper
FNDA:0,(anonymous_3)
FNDA:0,(anonymous_4)
FNDA:0,(anonymous_5)
FNDA:0,(anonymous_6)
FNDA:0,(anonymous_7)
FNDA:0,(anonymous_8)
FNDA:0,addClassNames
FNDA:0,(anonymous_10)
FNDA:0,addAttributes
FNDA:0,(anonymous_12)
FNDA:0,(anonymous_13)
FNDA:0,(anonymous_14)
FNDA:0,(anonymous_15)
FNDA:0,(anonymous_16)
FNDA:0,(anonymous_17)
FNDA:0,(anonymous_18)
FNDA:0,(anonymous_19)
FNDA:0,(anonymous_20)
FNDA:0,(anonymous_21)
FNDA:0,(anonymous_22)
FNDA:0,(anonymous_23)
FNDA:0,(anonymous_24)
FNDA:0,(anonymous_25)
FNDA:0,(anonymous_26)
FNDA:0,(anonymous_27)
FNDA:0,(anonymous_28)
FNDA:0,(anonymous_29)
FNDA:0,(anonymous_30)
FNDA:0,(anonymous_31)
FNDA:0,(anonymous_32)
FNDA:0,(anonymous_33)
FNDA:0,(anonymous_34)
FNDA:0,(anonymous_35)
FNDA:0,(anonymous_36)
FNDA:0,getOuterSizes
FNDA:0,getOppositePlacement
FNDA:0,(anonymous_39)
FNDA:0,getPopperClientRect
FNDA:0,getArrayKeyIndex
FNDA:0,getStyleComputedProperty
FNDA:0,getOffsetParent
FNDA:0,getScrollParent
FNDA:0,isFixed
FNDA:0,setStyle
FNDA:0,is_numeric
FNDA:0,(anonymous_48)
FNDA:0,isFunction
FNDA:0,getOffsetRect
FNDA:0,getBoundingClientRect
FNDA:0,getOffsetRectRelativeToCustomParent
FNDA:0,getSupportedPropertyName
FNDA:0,(anonymous_54)
DA:31,1
DA:32,1
DA:34,0
DA:35,1
DA:39,1
DA:42,0
DA:48,1
DA:51,1
DA:151,0
DA:152,0
DA:156,0
DA:157,0
DA:158,0
DA:159,0
DA:163,0
DA:167,0
DA:170,0
DA:172,0
DA:176,0
DA:177,0
DA:181,0
DA:185,0
DA:186,0
DA:189,0
DA:192,0
DA:193,0
DA:205,1
DA:206,0
DA:207,0
DA:208,0
DA:209,0
DA:210,0
DA:211,0
DA:214,0
DA:215,0
DA:217,0
DA:225,1
DA:226,0
DA:230,0
DA:231,0
DA:234,0
DA:237,0
DA:239,0
DA:241,0
DA:242,0
DA:252,1
DA:254,0
DA:255,0
DA:266,1
DA:267,0
DA:268,0
DA:278,1
DA:279,0
DA:290,0
DA:292,0
DA:294,0
DA:295,0
DA:296,0
DA:297,0
DA:298,0
DA:299,0
DA:300,0
DA:302,0
DA:305,0
DA:306,0
DA:307,0
DA:308,0
DA:309,0
DA:312,0
DA:317,0
DA:318,0
DA:319,0
DA:320,0
DA:322,0
DA:323,0
DA:325,0
DA:329,0
DA:330,0
DA:331,0
DA:335,0
DA:337,0
DA:347,0
DA:348,0
DA:362,0
DA:363,0
DA:377,1
DA:378,0
DA:380,0
DA:381,0
DA:386,0
DA:387,0
DA:399,1
DA:400,0
DA:401,0
DA:403,0
DA:404,0
DA:409,0
DA:414,0
DA:421,0
DA:422,0
DA:423,0
DA:424,0
DA:426,0
DA:429,0
DA:430,0
DA:431,0
DA:433,0
DA:438,0
DA:439,0
DA:441,0
DA:454,1
DA:456,0
DA:457,0
DA:459,0
DA:460,0
DA:462,0
DA:463,0
DA:465,0
DA:466,0
DA:476,1
DA:478,0
DA:479,0
DA:480,0
DA:481,0
DA:483,0
DA:496,1
DA:498,0
DA:500,0
DA:501,0
DA:502,0
DA:504,0
DA:505,0
DA:507,0
DA:513,0
DA:514,0
DA:515,0
DA:516,0
DA:519,0
DA:520,0
DA:522,0
DA:523,0
DA:527,0
DA:528,0
DA:530,0
DA:537,0
DA:538,0
DA:545,0
DA:548,0
DA:549,0
DA:550,0
DA:551,0
DA:552,0
DA:565,1
DA:566,0
DA:567,0
DA:568,0
DA:571,0
DA:572,0
DA:573,0
DA:577,0
DA:588,1
DA:589,0
DA:590,0
DA:591,0
DA:605,1
DA:614,1
DA:617,0
DA:622,0
DA:623,0
DA:628,0
DA:629,0
DA:630,0
DA:631,0
DA:635,0
DA:636,0
DA:643,0
DA:645,0
DA:649,0
DA:652,0
DA:653,0
DA:656,0
DA:666,1
DA:667,0
DA:668,0
DA:669,0
DA:672,0
DA:673,0
DA:674,0
DA:676,0
DA:687,0
DA:689,0
DA:692,0
DA:703,1
DA:704,0
DA:705,0
DA:707,0
DA:709,0
DA:710,0
DA:711,0
DA:713,0
DA:716,0
DA:717,0
DA:718,0
DA:720,0
DA:723,0
DA:724,0
DA:725,0
DA:727,0
DA:730,0
DA:731,0
DA:732,0
DA:734,0
DA:738,0
DA:739,0
DA:742,0
DA:752,1
DA:753,0
DA:754,0
DA:755,0
DA:757,0
DA:758,0
DA:760,0
DA:761,0
DA:763,0
DA:764,0
DA:766,0
DA:767,0
DA:770,0
DA:782,1
DA:785,0
DA:786,0
DA:787,0
DA:790,0
DA:792,0
DA:795,0
DA:796,0
DA:797,0
DA:799,0
DA:800,0
DA:801,0
DA:806,0
DA:809,0
DA:810,0
DA:811,0
DA:814,0
DA:815,0
DA:817,0
DA:821,0
DA:824,0
DA:829,0
DA:830,0
DA:831,0
DA:832,0
DA:834,0
DA:836,0
DA:839,0
DA:850,1
DA:851,0
DA:852,0
DA:854,0
DA:855,0
DA:857,0
DA:858,0
DA:860,0
DA:861,0
DA:863,0
DA:864,0
DA:866,0
DA:877,1
DA:878,0
DA:879,0
DA:882,0
DA:883,0
DA:887,0
DA:888,0
DA:892,0
DA:893,0
DA:894,0
DA:898,0
DA:899,0
DA:900,0
DA:903,0
DA:904,0
DA:905,0
DA:906,0
DA:907,0
DA:909,0
DA:910,0
DA:911,0
DA:912,0
DA:913,0
DA:914,0
DA:921,0
DA:922,0
DA:925,0
DA:926,0
DA:930,0
DA:932,0
DA:935,0
DA:936,0
DA:937,0
DA:939,0
DA:940,0
DA:942,0
DA:959,0
DA:960,0
DA:961,0
DA:964,0
DA:965,0
DA:966,0
DA:967,0
DA:970,0
DA:971,0
DA:982,0
DA:983,0
DA:984,0
DA:996,0
DA:997,0
DA:998,0
DA:999,0
DA:1011,0
DA:1012,0
DA:1013,0
DA:1014,0
DA:1016,0
DA:1018,0
DA:1030,0
DA:1031,0
DA:1044,0
DA:1045,0
DA:1056,0
DA:1058,0
DA:1059,0
DA:1062,0
DA:1065,0
DA:1066,0
DA:1068,0
DA:1073,0
DA:1081,0
DA:1083,0
DA:1095,0
DA:1096,0
DA:1098,0
DA:1099,0
DA:1101,0
DA:1113,0
DA:1115,0
DA:1116,0
DA:1118,0
DA:1119,0
DA:1121,0
DA:1133,0
DA:1134,0
DA:1145,0
DA:1152,0
DA:1153,0
DA:1156,0
DA:1167,0
DA:1170,0
DA:1173,0
DA:1177,0
DA:1196,0
DA:1197,0
DA:1199,0
DA:1200,0
DA:1201,0
DA:1202,0
DA:1203,0
DA:1204,0
DA:1207,0
DA:1215,0
DA:1226,0
DA:1228,0
DA:1229,0
DA:1230,0
DA:1231,0
DA:1234,0
DA:1245,1
DA:1246,0
DA:1251,0
DA:1252,0
DA:1255,0
DA:1256,0
DA:1257,0
DA:1258,0
DA:1259,0
DA:1261,0
DA:1263,0
DA:1264,0
DA:1265,0
DA:1266,0
DA:1267,0
DA:1268,0
DA:1272,0
DA:1277,1
LF:395
LH:28
BRDA:32,0,0,0
BRDA:32,0,1,1
BRDA:32,1,0,1
BRDA:32,1,1,0
BRDA:35,2,0,1
BRDA:35,2,1,0
BRDA:35,3,0,1
BRDA:35,3,1,1
BRDA:151,4,0,0
BRDA:151,4,1,0
BRDA:156,5,0,0
BRDA:156,5,1,0
BRDA:157,6,0,0
BRDA:157,6,1,0
BRDA:158,7,0,0
BRDA:158,7,1,0
BRDA:158,8,0,0
BRDA:158,8,1,0
BRDA:159,9,0,0
BRDA:159,9,1,0
BRDA:163,10,0,0
BRDA:163,10,1,0
BRDA:172,11,0,0
BRDA:172,11,1,0
BRDA:176,12,0,0
BRDA:176,12,1,0
BRDA:181,13,0,0
BRDA:181,13,1,0
BRDA:214,14,0,0
BRDA:214,14,1,0
BRDA:241,15,0,0
BRDA:241,15,1,0
BRDA:297,16,0,0
BRDA:297,16,1,0
BRDA:298,17,0,0
BRDA:298,17,1,0
BRDA:299,18,0,0
BRDA:299,18,1,0
BRDA:305,19,0,0
BRDA:305,19,1,0
BRDA:312,20,0,0
BRDA:312,20,1,0
BRDA:317,21,0,0
BRDA:317,21,1,0
BRDA:319,22,0,0
BRDA:319,22,1,0
BRDA:322,23,0,0
BRDA:322,23,1,0
BRDA:329,24,0,0
BRDA:329,24,1,0
BRDA:329,25,0,0
BRDA:329,25,1,0
BRDA:363,26,0,0
BRDA:363,26,1,0
BRDA:380,27,0,0
BRDA:380,27,1,0
BRDA:387,28,0,0
BRDA:387,28,1,0
BRDA:421,29,0,0
BRDA:421,29,1,0
BRDA:423,30,0,0
BRDA:423,30,1,0
BRDA:430,31,0,0
BRDA:430,31,1,0
BRDA:459,32,0,0
BRDA:459,32,1,0
BRDA:462,33,0,0
BRDA:462,33,1,0
BRDA:462,34,0,0
BRDA:462,34,1,0
BRDA:479,35,0,0
BRDA:479,35,1,0
BRDA:479,36,0,0
BRDA:479,36,1,0
BRDA:500,37,0,0
BRDA:500,37,1,0
BRDA:513,38,0,0
BRDA:513,38,1,0
BRDA:520,39,0,0
BRDA:520,39,1,0
BRDA:523,40,0,0
BRDA:523,40,1,0
BRDA:527,41,0,0
BRDA:527,41,1,0
BRDA:528,42,0,0
BRDA:528,42,1,0
BRDA:537,43,0,0
BRDA:537,43,1,0
BRDA:567,44,0,0
BRDA:567,44,1,0
BRDA:572,45,0,0
BRDA:572,45,1,0
BRDA:628,46,0,0
BRDA:628,46,1,0
BRDA:628,47,0,0
BRDA:628,47,1,0
BRDA:652,48,0,0
BRDA:652,48,1,0
BRDA:652,49,0,0
BRDA:652,49,1,0
BRDA:672,50,0,0
BRDA:672,50,1,0
BRDA:687,51,0,0
BRDA:687,51,1,0
BRDA:710,52,0,0
BRDA:710,52,1,0
BRDA:717,53,0,0
BRDA:717,53,1,0
BRDA:724,54,0,0
BRDA:724,54,1,0
BRDA:731,55,0,0
BRDA:731,55,1,0
BRDA:757,56,0,0
BRDA:757,56,1,0
BRDA:760,57,0,0
BRDA:760,57,1,0
BRDA:763,58,0,0
BRDA:763,58,1,0
BRDA:766,59,0,0
BRDA:766,59,1,0
BRDA:785,60,0,0
BRDA:785,60,1,0
BRDA:790,61,0,0
BRDA:790,61,1,0
BRDA:790,62,0,0
BRDA:790,62,1,0
BRDA:797,63,0,0
BRDA:797,63,1,0
BRDA:800,64,0,0
BRDA:800,64,1,0
BRDA:810,65,0,0
BRDA:810,65,1,0
BRDA:810,66,0,0
BRDA:810,66,1,0
BRDA:824,67,0,0
BRDA:824,67,1,0
BRDA:825,68,0,0
BRDA:825,68,1,0
BRDA:825,68,2,0
BRDA:825,68,3,0
BRDA:831,69,0,0
BRDA:831,69,1,0
BRDA:854,70,0,0
BRDA:854,70,1,0
BRDA:857,71,0,0
BRDA:857,71,1,0
BRDA:860,72,0,0
BRDA:860,72,1,0
BRDA:863,73,0,0
BRDA:863,73,1,0
BRDA:882,74,0,0
BRDA:882,74,1,0
BRDA:887,75,0,0
BRDA:887,75,1,0
BRDA:892,76,0,0
BRDA:892,76,1,0
BRDA:898,77,0,0
BRDA:898,77,1,0
BRDA:909,78,0,0
BRDA:909,78,1,0
BRDA:910,79,0,0
BRDA:910,79,1,0
BRDA:911,80,0,0
BRDA:911,80,1,0
BRDA:912,81,0,0
BRDA:912,81,1,0
BRDA:913,82,0,0
BRDA:913,82,1,0
BRDA:921,83,0,0
BRDA:921,83,1,0
BRDA:925,84,0,0
BRDA:925,84,1,0
BRDA:930,85,0,0
BRDA:930,85,1,0
BRDA:1013,86,0,0
BRDA:1013,86,1,0
BRDA:1045,87,0,0
BRDA:1045,87,1,0
BRDA:1045,88,0,0
BRDA:1045,88,1,0
BRDA:1058,89,0,0
BRDA:1058,89,1,0
BRDA:1062,90,0,0
BRDA:1062,90,1,0
BRDA:1065,91,0,0
BRDA:1065,91,1,0
BRDA:1065,92,0,0
BRDA:1065,92,1,0
BRDA:1073,93,0,0
BRDA:1073,93,1,0
BRDA:1074,94,0,0
BRDA:1074,94,1,0
BRDA:1074,94,2,0
BRDA:1095,95,0,0
BRDA:1095,95,1,0
BRDA:1098,96,0,0
BRDA:1098,96,1,0
BRDA:1101,97,0,0
BRDA:1101,97,1,0
BRDA:1113,98,0,0
BRDA:1113,98,1,0
BRDA:1113,98,2,0
BRDA:1118,99,0,0
BRDA:1118,99,1,0
BRDA:1118,100,0,0
BRDA:1118,100,1,0
BRDA:1134,101,0,0
BRDA:1134,101,1,0
BRDA:1173,102,0,0
BRDA:1173,102,1,0
BRDA:1173,103,0,0
BRDA:1173,103,1,0
BRDA:1199,104,0,0
BRDA:1199,104,1,0
BRDA:1229,105,0,0
BRDA:1229,105,1,0
BRDA:1230,106,0,0
BRDA:1230,106,1,0
BRDA:1245,107,0,0
BRDA:1245,107,1,1
BRDA:1251,108,0,0
BRDA:1251,108,1,0
BRDA:1251,109,0,0
BRDA:1251,109,1,0
BRDA:1258,110,0,0
BRDA:1258,110,1,0
BRDA:1258,111,0,0
BRDA:1258,111,1,0
BRDA:1267,112,0,0
BRDA:1267,112,1,0
BRDA:1267,113,0,0
BRDA:1267,113,1,0
BRF:232
BRH:6
end_of_record
TN:
SF:D:\zhangxiaoyu\vuxes\packages\popover\utils\scrollbar-width.js
FN:6,(anonymous_0)
FNF:1
FNH:0
FNDA:0,(anonymous_0)
DA:7,0
DA:8,0
DA:10,0
DA:11,0
DA:12,0
DA:13,0
DA:14,0
DA:15,0
DA:16,0
DA:18,0
DA:19,0
DA:21,0
DA:22,0
DA:23,0
DA:25,0
DA:26,0
DA:27,0
DA:29,0
LF:18
LH:0
BRDA:7,0,0,0
BRDA:7,0,1,0
BRDA:8,1,0,0
BRDA:8,1,1,0
BRF:4
BRH:0
end_of_record
TN:
SF:D:\zhangxiaoyu\vuxes\packages\popover\utils\popup\index.js
FN:48,(anonymous_0)
FN:53,(anonymous_1)
FN:60,(anonymous_2)
FN:71,(anonymous_3)
FN:76,(anonymous_4)
FN:89,(anonymous_5)
FN:104,(anonymous_6)
FN:113,(anonymous_7)
FN:163,(anonymous_8)
FN:167,(anonymous_9)
FN:179,(anonymous_10)
FN:188,(anonymous_11)
FN:202,(anonymous_12)
FN:207,(anonymous_13)
FNF:14
FNH:0
FNDA:0,(anonymous_0)
FNDA:0,(anonymous_1)
FNDA:0,(anonymous_2)
FNDA:0,(anonymous_3)
FNDA:0,(anonymous_4)
FNDA:0,(anonymous_5)
FNDA:0,(anonymous_6)
FNDA:0,(anonymous_7)
FNDA:0,(anonymous_8)
FNDA:0,(anonymous_9)
FNDA:0,(anonymous_10)
FNDA:0,(anonymous_11)
FNDA:0,(anonymous_12)
FNDA:0,(anonymous_13)
DA:8,1
DA:49,0
DA:50,0
DA:54,0
DA:55,0
DA:57,0
DA:61,0
DA:72,0
DA:73,0
DA:74,0
DA:75,0
DA:76,0
DA:77,0
DA:80,0
DA:83,0
DA:90,0
DA:91,0
DA:94,0
DA:96,0
DA:97,0
DA:98,0
DA:100,0
DA:102,0
DA:103,0
DA:104,0
DA:105,0
DA:106,0
DA:109,0
DA:114,0
DA:115,0
DA:116,0
DA:118,0
DA:120,0
DA:122,0
DA:124,0
DA:125,0
DA:126,0
DA:129,0
DA:130,0
DA:131,0
DA:132,0
DA:134,0
DA:135,0
DA:136,0
DA:137,0
DA:138,0
DA:139,0
DA:141,0
DA:142,0
DA:143,0
DA:144,0
DA:145,0
DA:147,0
DA:151,0
DA:152,0
DA:155,0
DA:156,0
DA:158,0
DA:160,0
DA:164,0
DA:168,0
DA:170,0
DA:171,0
DA:172,0
DA:174,0
DA:176,0
DA:178,0
DA:179,0
DA:180,0
DA:181,0
DA:184,0
DA:189,0
DA:191,0
DA:193,0
DA:194,0
DA:197,0
DA:199,0
DA:203,0
DA:204,0
DA:208,0
DA:209,0
DA:210,0
DA:212,0
LF:83
LH:1
BRDA:72,0,0,0
BRDA:72,0,1,0
BRDA:73,1,0,0
BRDA:73,1,1,0
BRDA:74,2,0,0
BRDA:74,2,1,0
BRDA:90,3,0,0
BRDA:90,3,1,0
BRDA:94,4,0,0
BRDA:94,4,1,0
BRDA:96,5,0,0
BRDA:96,5,1,0
BRDA:103,6,0,0
BRDA:103,6,1,0
BRDA:114,7,0,0
BRDA:114,7,1,0
BRDA:115,8,0,0
BRDA:115,8,1,0
BRDA:115,9,0,0
BRDA:115,9,1,0
BRDA:116,10,0,0
BRDA:116,10,1,0
BRDA:125,11,0,0
BRDA:125,11,1,0
BRDA:129,12,0,0
BRDA:129,12,1,0
BRDA:130,13,0,0
BRDA:130,13,1,0
BRDA:134,14,0,0
BRDA:134,14,1,0
BRDA:135,15,0,0
BRDA:135,15,1,0
BRDA:137,16,0,0
BRDA:137,16,1,0
BRDA:144,17,0,0
BRDA:144,17,1,0
BRDA:144,18,0,0
BRDA:144,18,1,0
BRDA:144,18,2,0
BRDA:144,18,3,0
BRDA:151,19,0,0
BRDA:151,19,1,0
BRDA:158,20,0,0
BRDA:158,20,1,0
BRDA:168,21,0,0
BRDA:168,21,1,0
BRDA:168,22,0,0
BRDA:168,22,1,0
BRDA:170,23,0,0
BRDA:170,23,1,0
BRDA:178,24,0,0
BRDA:178,24,1,0
BRDA:191,25,0,0
BRDA:191,25,1,0
BRDA:193,26,0,0
BRDA:193,26,1,0
BRDA:208,27,0,0
BRDA:208,27,1,0
BRDA:208,28,0,0
BRDA:208,28,1,0
BRF:60
BRH:0
end_of_record
TN:
SF:D:\zhangxiaoyu\vuxes\packages\popover\utils\popup\popup-manager.js
FN:9,(anonymous_0)
FN:19,(anonymous_1)
FN:24,(anonymous_2)
FN:37,(anonymous_3)
FN:41,(anonymous_4)
FN:47,(anonymous_5)
FN:54,(anonymous_6)
FN:60,(anonymous_7)
FN:70,(anonymous_8)
FN:92,(anonymous_9)
FN:94,(anonymous_10)
FN:113,(anonymous_11)
FN:122,(anonymous_12)
FN:143,(anonymous_13)
FN:157,(anonymous_14)
FN:164,(anonymous_15)
FN:169,(anonymous_16)
FN:182,(anonymous_17)
FNF:18
FNH:0
FNDA:0,(anonymous_0)
FNDA:0,(anonymous_1)
FNDA:0,(anonymous_2)
FNDA:0,(anonymous_3)
FNDA:0,(anonymous_4)
FNDA:0,(anonymous_5)
FNDA:0,(anonymous_6)
FNDA:0,(anonymous_7)
FNDA:0,(anonymous_8)
FNDA:0,(anonymous_9)
FNDA:0,(anonymous_10)
FNDA:0,(anonymous_11)
FNDA:0,(anonymous_12)
FNDA:0,(anonymous_13)
FNDA:0,(anonymous_14)
FNDA:0,(anonymous_15)
FNDA:0,(anonymous_16)
FNDA:0,(anonymous_17)
DA:5,1
DA:6,1
DA:9,1
DA:10,0
DA:11,0
DA:12,0
DA:13,0
DA:15,0
DA:16,0
DA:17,0
DA:19,0
DA:20,0
DA:21,0
DA:24,0
DA:25,0
DA:29,0
DA:32,1
DA:34,1
DA:38,0
DA:42,0
DA:43,0
DA:48,0
DA:49,0
DA:50,0
DA:55,0
DA:61,0
DA:62,0
DA:64,0
DA:65,0
DA:66,0
DA:71,0
DA:72,0
DA:73,0
DA:75,0
DA:77,0
DA:78,0
DA:79,0
DA:80,0
DA:84,0
DA:86,0
DA:87,0
DA:88,0
DA:90,0
DA:91,0
DA:92,0
DA:94,0
DA:95,0
DA:98,0
DA:99,0
DA:101,0
DA:104,0
DA:105,0
DA:107,0
DA:108,0
DA:110,0
DA:114,0
DA:115,0
DA:117,0
DA:118,0
DA:119,0
DA:120,0
DA:121,0
DA:122,0
DA:125,0
DA:126,0
DA:127,0
DA:130,0
DA:131,0
DA:132,0
DA:133,0
DA:139,0
DA:140,0
DA:141,0
DA:143,0
DA:144,0
DA:145,0
DA:146,0
DA:147,0
DA:149,0
DA:155,1
DA:158,0
DA:159,0
DA:160,0
DA:162,0
DA:165,0
DA:169,1
DA:170,0
DA:171,0
DA:172,0
DA:173,0
DA:174,0
DA:176,0
DA:180,1
DA:182,1
DA:183,0
DA:184,0
DA:186,0
DA:187,0
LF:98
LH:9
BRDA:10,0,0,0
BRDA:10,0,1,0
BRDA:12,1,0,0
BRDA:12,1,1,0
BRDA:25,2,0,0
BRDA:25,2,1,0
BRDA:42,3,0,0
BRDA:42,3,1,0
BRDA:42,4,0,0
BRDA:42,4,1,0
BRDA:48,5,0,0
BRDA:48,5,1,0
BRDA:62,6,0,0
BRDA:62,6,1,0
BRDA:65,7,0,0
BRDA:65,7,1,0
BRDA:65,8,0,0
BRDA:65,8,1,0
BRDA:71,9,0,0
BRDA:71,9,1,0
BRDA:72,10,0,0
BRDA:72,10,1,0
BRDA:72,11,0,0
BRDA:72,11,1,0
BRDA:79,12,0,0
BRDA:79,12,1,0
BRDA:87,13,0,0
BRDA:87,13,1,0
BRDA:87,14,0,0
BRDA:87,14,1,0
BRDA:90,15,0,0
BRDA:90,15,1,0
BRDA:98,16,0,0
BRDA:98,16,1,0
BRDA:98,17,0,0
BRDA:98,17,1,0
BRDA:98,17,2,0
BRDA:104,18,0,0
BRDA:104,18,1,0
BRDA:117,19,0,0
BRDA:117,19,1,0
BRDA:119,20,0,0
BRDA:119,20,1,0
BRDA:120,21,0,0
BRDA:120,21,1,0
BRDA:126,22,0,0
BRDA:126,22,1,0
BRDA:131,23,0,0
BRDA:131,23,1,0
BRDA:139,24,0,0
BRDA:139,24,1,0
BRDA:140,25,0,0
BRDA:140,25,1,0
BRDA:144,26,0,0
BRDA:144,26,1,0
BRDA:145,27,0,0
BRDA:145,27,1,0
BRDA:158,28,0,0
BRDA:158,28,1,0
BRDA:159,29,0,0
BRDA:159,29,1,0
BRDA:159,29,2,0
BRDA:159,30,0,0
BRDA:159,30,1,0
BRDA:170,31,0,0
BRDA:170,31,1,0
BRDA:171,32,0,0
BRDA:171,32,1,0
BRDA:173,33,0,0
BRDA:173,33,1,0
BRDA:180,34,0,1
BRDA:180,34,1,0
BRDA:183,35,0,0
BRDA:183,35,1,0
BRDA:186,36,0,0
BRDA:186,36,1,0
BRDA:186,37,0,0
BRDA:186,37,1,0
BRDA:187,38,0,0
BRDA:187,38,1,0
BRDA:189,39,0,0
BRDA:189,39,1,0
BRF:82
BRH:1
end_of_record
TN:
SF:D:\zhangxiaoyu\vuxes\packages\theme-default\gulpfile.js
FN:23,compileCssToPx
FN:41,copyFont
FN:45,watchCss
FN:49,watchFonts
FNF:4
FNH:0
FNDA:0,compileCssToPx
FNDA:0,copyFont
FNDA:0,watchCss
FNDA:0,watchFonts
DA:2,0
DA:3,0
DA:4,0
DA:5,0
DA:6,0
DA:7,0
DA:9,0
DA:11,0
DA:24,0
DA:42,0
DA:46,0
DA:50,0
DA:53,0
DA:54,0
LF:14
LH:0
BRF:0
BRH:0
end_of_record
TN:
SF:D:\zhangxiaoyu\vuxes\packages\utils\create-basic.js
FN:8,install
FN:14,returnArray
FN:19,defaultProps
FN:20,(anonymous_3)
FN:35,(anonymous_4)
FNF:5
FNH:4
FNDA:2,install
FNDA:0,returnArray
FNDA:2,defaultProps
FNDA:15,(anonymous_3)
FNDA:2,(anonymous_4)
DA:9,2
DA:10,2
DA:11,2
DA:15,0
DA:20,2
DA:21,15
DA:22,0
DA:26,15
DA:27,0
DA:36,2
DA:37,2
DA:38,2
DA:39,2
DA:40,2
DA:41,2
DA:42,2
DA:43,2
LF:17
LH:14
BRDA:21,0,0,0
BRDA:21,0,1,15
BRDA:26,1,0,0
BRDA:26,1,1,15
BRDA:37,2,0,2
BRDA:37,2,1,2
BRDA:38,3,0,2
BRDA:38,3,1,1
BRDA:40,4,0,2
BRDA:40,4,1,1
BRDA:42,5,0,2
BRDA:42,5,1,2
BRF:12
BRH:10
end_of_record
TN:
SF:D:\zhangxiaoyu\vuxes\packages\utils\dom.js
FN:177,(anonymous_0)
FN:190,(anonymous_1)
FN:207,(anonymous_2)
FNF:3
FNH:0
FNDA:0,(anonymous_0)
FNDA:0,(anonymous_1)
FNDA:0,(anonymous_2)
DA:6,1
DA:7,1
DA:8,1
DA:9,1
DA:177,1
DA:178,0
DA:180,0
DA:181,0
DA:187,0
DA:190,1
DA:191,0
DA:193,0
DA:194,0
DA:195,0
DA:196,0
DA:198,0
DA:199,0
DA:201,0
DA:204,0
DA:207,1
DA:208,0
DA:210,0
DA:213,0
DA:214,0
DA:221,0
DA:224,0
LF:26
LH:7
BRDA:9,0,0,0
BRDA:9,0,1,1
BRDA:178,1,0,0
BRDA:178,1,1,0
BRDA:180,2,0,0
BRDA:180,2,1,0
BRDA:181,3,0,0
BRDA:181,3,1,0
BRDA:182,4,0,0
BRDA:182,4,1,0
BRDA:191,5,0,0
BRDA:191,5,1,0
BRDA:195,6,0,0
BRDA:195,6,1,0
BRDA:198,7,0,0
BRDA:198,7,1,0
BRDA:208,8,0,0
BRDA:208,8,1,0
BRDA:208,9,0,0
BRDA:208,9,1,0
BRDA:208,9,2,0
BRDA:213,10,0,0
BRDA:213,10,1,0
BRDA:224,11,0,0
BRDA:224,11,1,0
BRDA:224,11,2,0
BRDA:224,11,3,0
BRF:27
BRH:1
end_of_record
TN:
SF:D:\zhangxiaoyu\vuxes\packages\utils\helper.js
FN:8,oneOf
FN:23,camelize
FN:25,(anonymous_2)
FN:34,isDef
FN:42,(anonymous_4)
FN:51,(anonymous_5)
FNF:6
FNH:2
FNDA:0,oneOf
FNDA:2,camelize
FNDA:4,(anonymous_2)
FNDA:0,isDef
FNDA:0,(anonymous_4)
FNDA:0,(anonymous_5)
DA:9,0
DA:10,0
DA:11,0
DA:14,0
DA:24,2
DA:25,4
DA:35,0
DA:42,1
DA:43,0
DA:51,1
DA:52,0
DA:53,0
DA:54,0
DA:56,0
DA:57,0
DA:58,0
DA:59,0
DA:65,0
LF:18
LH:4
BRDA:10,0,0,0
BRDA:10,0,1,0
BRDA:35,1,0,0
BRDA:35,1,1,0
BRDA:53,2,0,0
BRDA:53,2,1,0
BRDA:56,3,0,0
BRDA:56,3,1,0
BRDA:58,4,0,0
BRDA:58,4,1,0
BRF:10
BRH:0
end_of_record
