TN:
SF:D:\zhangxiaoyu\vuxes\packages\index.js
FN:8,(anonymous_0)
FN:9,(anonymous_1)
FNF:2
FNH:2
FNDA:1,(anonymous_0)
FNDA:1,(anonymous_1)
DA:4,1
DA:5,1
DA:8,1
DA:9,1
DA:10,1
DA:14,1
LF:6
LH:6
BRDA:14,0,0,1
BRDA:14,1,0,1
BRDA:14,1,1,1
BRF:3
BRH:3
end_of_record
TN:
SF:D:\zhangxiaoyu\vuxes\packages\button\button.vue
FN:17,(anonymous_1)
FNF:1
FNH:0
FNDA:0,(anonymous_1)
DA:10,1
DA:11,1
DA:18,0
LF:3
LH:2
BRF:0
BRH:0
end_of_record
TN:
SF:D:\zhangxiaoyu\vuxes\packages\button\index.js
FNF:0
FNH:0
LF:0
LH:0
BRF:0
BRH:0
end_of_record
TN:
SF:D:\zhangxiaoyu\vuxes\packages\mixins\bem.js
FN:13,(anonymous_0)
FN:15,(anonymous_1)
FN:21,(anonymous_2)
FN:25,(anonymous_3)
FN:33,(anonymous_4)
FNF:5
FNH:0
FNDA:0,(anonymous_0)
FNDA:0,(anonymous_1)
FNDA:0,(anonymous_2)
FNDA:0,(anonymous_3)
FNDA:0,(anonymous_4)
DA:10,1
DA:11,1
DA:13,1
DA:15,1
DA:16,0
DA:17,0
DA:20,0
DA:21,0
DA:24,0
DA:25,0
DA:26,0
DA:28,0
DA:34,0
DA:36,0
DA:37,0
DA:38,0
DA:40,0
DA:42,0
LF:18
LH:4
BRDA:13,0,0,0
BRDA:13,0,1,0
BRDA:16,1,0,0
BRDA:16,1,1,0
BRDA:20,2,0,0
BRDA:20,2,1,0
BRDA:25,3,0,0
BRDA:25,3,1,0
BRDA:36,4,0,0
BRDA:36,4,1,0
BRDA:36,5,0,0
BRDA:36,5,1,0
BRDA:42,6,0,0
BRDA:42,6,1,0
BRF:14
BRH:0
end_of_record
TN:
SF:D:\zhangxiaoyu\vuxes\packages\theme-default\gulpfile.js
FN:23,compileCssToPx
FN:41,copyFont
FN:45,watchCss
FN:49,watchFonts
FNF:4
FNH:0
FNDA:0,compileCssToPx
FNDA:0,copyFont
FNDA:0,watchCss
FNDA:0,watchFonts
DA:2,0
DA:3,0
DA:4,0
DA:5,0
DA:6,0
DA:7,0
DA:9,0
DA:11,0
DA:24,0
DA:42,0
DA:46,0
DA:50,0
DA:53,0
DA:54,0
LF:14
LH:0
BRF:0
BRH:0
end_of_record
TN:
SF:D:\zhangxiaoyu\vuxes\packages\utils\create-basic.js
FN:8,install
FN:14,returnArray
FN:19,defaultProps
FN:20,(anonymous_3)
FN:35,(anonymous_4)
FNF:5
FNH:4
FNDA:1,install
FNDA:0,returnArray
FNDA:1,defaultProps
FNDA:1,(anonymous_3)
FNDA:1,(anonymous_4)
DA:9,1
DA:10,1
DA:11,1
DA:15,0
DA:20,1
DA:21,1
DA:22,0
DA:26,1
DA:27,0
DA:36,1
DA:37,1
DA:38,1
DA:39,1
DA:40,1
DA:41,1
DA:42,1
DA:43,1
LF:17
LH:14
BRDA:21,0,0,0
BRDA:21,0,1,1
BRDA:26,1,0,0
BRDA:26,1,1,1
BRDA:37,2,0,1
BRDA:37,2,1,1
BRDA:38,3,0,1
BRDA:38,3,1,1
BRDA:40,4,0,1
BRDA:40,4,1,1
BRDA:42,5,0,1
BRDA:42,5,1,1
BRF:12
BRH:10
end_of_record
TN:
SF:D:\zhangxiaoyu\vuxes\packages\utils\helper.js
FN:8,oneOf
FN:23,camelize
FN:25,(anonymous_2)
FN:34,isDef
FNF:4
FNH:2
FNDA:0,oneOf
FNDA:1,camelize
FNDA:2,(anonymous_2)
FNDA:0,isDef
DA:9,0
DA:10,0
DA:11,0
DA:14,0
DA:24,1
DA:25,2
DA:35,0
LF:7
LH:2
BRDA:10,0,0,0
BRDA:10,0,1,0
BRDA:35,1,0,0
BRDA:35,1,1,0
BRF:4
BRH:0
end_of_record
